<testsuites id="" name="" tests="1" failures="0" skipped="0" errors="0" time="4.144664">
<testsuite name="auth.spec.ts" timestamp="2025-09-30T13:48:37.784Z" hostname="chromium" tests="1" failures="0" skipped="0" time="1.389" errors="0">
<testcase name="Empowr CRM - Authentication Flow › should display sign-in page" classname="auth.spec.ts" time="1.389">
<system-out>
<![CDATA[[BROWSER DEBUG] [vite] connecting...
[BROWSER DEBUG] [vite] connected.
[BROWSER INFO] %cDownload the React DevTools for a better development experience: https://reactjs.org/link/react-devtools font-weight:bold
[BROWSER STARTGROUP] 🔧 Environment Configuration
[BROWSER LOG] Supabase URL: ✅ Set
[BROWSER LOG] Supabase Anon Key: ✅ Set
[BROWSER LOG] Google Client ID: ✅ Set
[BROWSER LOG] ℹ️ Service Role Key: Not exposed to client-side (server-only)
[BROWSER LOG] ✅ All environment variables are valid
[BROWSER ENDGROUP] console.groupEnd
[BROWSER LOG] 🔧 Supabase client config: {SUPABASE_URL: https://jedfundfhzytpnbjkspn.supabase.co, SUPABASE_PUBLISHABLE_KEY: eyJhbGciOiJIUzI1NiIs..., SERVICE_ROLE_KEY: Not exposed to client-side (server-only)}
[BROWSER LOG] ✅ Supabase client created successfully
[BROWSER LOG] ℹ️ Using anon key for client-side operations (correct for React apps)
[BROWSER LOG] 🔍 Environment Debug Info:
[BROWSER LOG] VITE_SUPABASE_URL: https://jedfundfhzytpnbjkspn.supabase.co
[BROWSER LOG] VITE_SUPABASE_ANON_KEY: SET
[BROWSER LOG] VITE_GOOGLE_CLIENT_ID: 431821374966-6g222eg7q4hsish5e8ln7mmh7t72dgc2.apps.googleusercontent.com
[BROWSER LOG] All env vars: {BASE_URL: /, DEV: true, MODE: development, PROD: false, SSR: false}
[BROWSER INFO] [INFO] 🚀 Empowr CRM starting...
[BROWSER LOG] [DEBUG] 🔍 Environment Debug Info:
[BROWSER LOG] [DEBUG] VITE_SUPABASE_URL: https://jedfundfhzytpnbjkspn.supabase.co
[BROWSER LOG] [DEBUG] VITE_SUPABASE_ANON_KEY: SET
[BROWSER LOG] [DEBUG] VITE_GOOGLE_CLIENT_ID: 431821374966-6g222eg7q4hsish5e8ln7mmh7t72dgc2.apps.googleusercontent.com
[BROWSER LOG] [DEBUG] All env vars: {BASE_URL: /, DEV: true, MODE: development, PROD: false, SSR: false}
[BROWSER INFO] [INFO] ✅ Root element found, creating React root...
[BROWSER INFO] [INFO] ✅ React root created, rendering full CRM app...
[BROWSER INFO] [INFO] ✅ Full CRM App with error boundaries rendered successfully
[BROWSER LOG] 🔐 Initializing authentication...
[BROWSER LOG] 📋 Initial session: {hasSession: false, hasUser: false, userEmail: undefined}
[BROWSER LOG] ✅ Loading set to false - no user
[BROWSER LOG] 🔄 Auth state change: INITIAL_SESSION undefined
[BROWSER LOG] ✅ Error handling system initialized
[BROWSER LOG] ✅ Global error handlers set up
[BROWSER LOG] Page Load Time: 0
[BROWSER LOG] Performance Metrics: {loadTime: 0, domContentLoaded: 0.10000002384185791, firstPaint: 564, firstContentfulPaint: 636, largestContentfulPaint: 0}
[BROWSER LOG] ✅ Good loadTime: 0ms
[BROWSER LOG] ✅ Good firstContentfulPaint: 636ms
[BROWSER LOG] ✅ Good largestContentfulPaint: 0ms
[BROWSER LOG] ✅ Supabase connected successfully. Companies count: 0

=== CONSOLE INSPECTION SUMMARY ===
Total logs: 39
Errors: 0
Warnings: 0
Info: 5
Debug: 2
]]>
</system-out>
</testcase>
</testsuite>
</testsuites>