<testsuites id="" name="" tests="365" failures="365" skipped="0" errors="0" time="107.83031600000001">
<testsuite name="assignment-workflows.spec.ts" timestamp="2025-10-07T10:54:42.270Z" hostname="chromium" tests="18" failures="18" skipped="0" time="0.318" errors="0">
<testcase name="User Assignment E2E Tests › Single Lead Assignment › should assign a lead to a user" classname="assignment-workflows.spec.ts" time="0.025">
<failure message="assignment-workflows.spec.ts:84:5 should assign a lead to a user" type="FAILURE">
<![CDATA[  [chromium] › assignment-workflows.spec.ts:84:5 › User Assignment E2E Tests › Single Lead Assignment › should assign a lead to a user 

    Error: browserType.launch: Executable doesn't exist at C:\Users\tower\AppData\Local\ms-playwright\chromium-1194\chrome-win\chrome.exe
    ╔═════════════════════════════════════════════════════════════════════════╗
    ║ Looks like Playwright Test or Playwright was just installed or updated. ║
    ║ Please run the following command to download new browsers:              ║
    ║                                                                         ║
    ║     npx playwright install                                              ║
    ║                                                                         ║
    ║ <3 Playwright Team                                                      ║
    ╚═════════════════════════════════════════════════════════════════════════╝
]]>
</failure>
</testcase>
<testcase name="User Assignment E2E Tests › Single Lead Assignment › should reassign a lead to another user" classname="assignment-workflows.spec.ts" time="0.022">
<failure message="assignment-workflows.spec.ts:106:5 should reassign a lead to another user" type="FAILURE">
<![CDATA[  [chromium] › assignment-workflows.spec.ts:106:5 › User Assignment E2E Tests › Single Lead Assignment › should reassign a lead to another user 

    Error: browserType.launch: Executable doesn't exist at C:\Users\tower\AppData\Local\ms-playwright\chromium-1194\chrome-win\chrome.exe
    ╔═════════════════════════════════════════════════════════════════════════╗
    ║ Looks like Playwright Test or Playwright was just installed or updated. ║
    ║ Please run the following command to download new browsers:              ║
    ║                                                                         ║
    ║     npx playwright install                                              ║
    ║                                                                         ║
    ║ <3 Playwright Team                                                      ║
    ╚═════════════════════════════════════════════════════════════════════════╝
]]>
</failure>
</testcase>
<testcase name="User Assignment E2E Tests › Single Lead Assignment › should unassign a lead" classname="assignment-workflows.spec.ts" time="0.015">
<failure message="assignment-workflows.spec.ts:130:5 should unassign a lead" type="FAILURE">
<![CDATA[  [chromium] › assignment-workflows.spec.ts:130:5 › User Assignment E2E Tests › Single Lead Assignment › should unassign a lead 

    Error: browserType.launch: Executable doesn't exist at C:\Users\tower\AppData\Local\ms-playwright\chromium-1194\chrome-win\chrome.exe
    ╔═════════════════════════════════════════════════════════════════════════╗
    ║ Looks like Playwright Test or Playwright was just installed or updated. ║
    ║ Please run the following command to download new browsers:              ║
    ║                                                                         ║
    ║     npx playwright install                                              ║
    ║                                                                         ║
    ║ <3 Playwright Team                                                      ║
    ╚═════════════════════════════════════════════════════════════════════════╝
]]>
</failure>
</testcase>
<testcase name="User Assignment E2E Tests › Single Lead Assignment › should show assignment history" classname="assignment-workflows.spec.ts" time="0.016">
<failure message="assignment-workflows.spec.ts:152:5 should show assignment history" type="FAILURE">
<![CDATA[  [chromium] › assignment-workflows.spec.ts:152:5 › User Assignment E2E Tests › Single Lead Assignment › should show assignment history 

    Error: browserType.launch: Executable doesn't exist at C:\Users\tower\AppData\Local\ms-playwright\chromium-1194\chrome-win\chrome.exe
    ╔═════════════════════════════════════════════════════════════════════════╗
    ║ Looks like Playwright Test or Playwright was just installed or updated. ║
    ║ Please run the following command to download new browsers:              ║
    ║                                                                         ║
    ║     npx playwright install                                              ║
    ║                                                                         ║
    ║ <3 Playwright Team                                                      ║
    ╚═════════════════════════════════════════════════════════════════════════╝
]]>
</failure>
</testcase>
<testcase name="User Assignment E2E Tests › Bulk Lead Assignment › should assign multiple leads to a user" classname="assignment-workflows.spec.ts" time="0.015">
<failure message="assignment-workflows.spec.ts:187:5 should assign multiple leads to a user" type="FAILURE">
<![CDATA[  [chromium] › assignment-workflows.spec.ts:187:5 › User Assignment E2E Tests › Bulk Lead Assignment › should assign multiple leads to a user 

    Error: browserType.launch: Executable doesn't exist at C:\Users\tower\AppData\Local\ms-playwright\chromium-1194\chrome-win\chrome.exe
    ╔═════════════════════════════════════════════════════════════════════════╗
    ║ Looks like Playwright Test or Playwright was just installed or updated. ║
    ║ Please run the following command to download new browsers:              ║
    ║                                                                         ║
    ║     npx playwright install                                              ║
    ║                                                                         ║
    ║ <3 Playwright Team                                                      ║
    ╚═════════════════════════════════════════════════════════════════════════╝
]]>
</failure>
</testcase>
<testcase name="User Assignment E2E Tests › Bulk Lead Assignment › should handle partial bulk assignment failure" classname="assignment-workflows.spec.ts" time="0.018">
<failure message="assignment-workflows.spec.ts:219:5 should handle partial bulk assignment failure" type="FAILURE">
<![CDATA[  [chromium] › assignment-workflows.spec.ts:219:5 › User Assignment E2E Tests › Bulk Lead Assignment › should handle partial bulk assignment failure 

    Error: browserType.launch: Executable doesn't exist at C:\Users\tower\AppData\Local\ms-playwright\chromium-1194\chrome-win\chrome.exe
    ╔═════════════════════════════════════════════════════════════════════════╗
    ║ Looks like Playwright Test or Playwright was just installed or updated. ║
    ║ Please run the following command to download new browsers:              ║
    ║                                                                         ║
    ║     npx playwright install                                              ║
    ║                                                                         ║
    ║ <3 Playwright Team                                                      ║
    ╚═════════════════════════════════════════════════════════════════════════╝
]]>
</failure>
</testcase>
<testcase name="User Assignment E2E Tests › Bulk Lead Assignment › should show progress indicator during bulk assignment" classname="assignment-workflows.spec.ts" time="0.013">
<failure message="assignment-workflows.spec.ts:250:5 should show progress indicator during bulk assignment" type="FAILURE">
<![CDATA[  [chromium] › assignment-workflows.spec.ts:250:5 › User Assignment E2E Tests › Bulk Lead Assignment › should show progress indicator during bulk assignment 

    Error: browserType.launch: Executable doesn't exist at C:\Users\tower\AppData\Local\ms-playwright\chromium-1194\chrome-win\chrome.exe
    ╔═════════════════════════════════════════════════════════════════════════╗
    ║ Looks like Playwright Test or Playwright was just installed or updated. ║
    ║ Please run the following command to download new browsers:              ║
    ║                                                                         ║
    ║     npx playwright install                                              ║
    ║                                                                         ║
    ║ <3 Playwright Team                                                      ║
    ╚═════════════════════════════════════════════════════════════════════════╝
]]>
</failure>
</testcase>
<testcase name="User Assignment E2E Tests › Company Assignment › should assign a company to a user" classname="assignment-workflows.spec.ts" time="0.025">
<failure message="assignment-workflows.spec.ts:278:5 should assign a company to a user" type="FAILURE">
<![CDATA[  [chromium] › assignment-workflows.spec.ts:278:5 › User Assignment E2E Tests › Company Assignment › should assign a company to a user 

    Error: browserType.launch: Executable doesn't exist at C:\Users\tower\AppData\Local\ms-playwright\chromium-1194\chrome-win\chrome.exe
    ╔═════════════════════════════════════════════════════════════════════════╗
    ║ Looks like Playwright Test or Playwright was just installed or updated. ║
    ║ Please run the following command to download new browsers:              ║
    ║                                                                         ║
    ║     npx playwright install                                              ║
    ║                                                                         ║
    ║ <3 Playwright Team                                                      ║
    ╚═════════════════════════════════════════════════════════════════════════╝
]]>
</failure>
</testcase>
<testcase name="User Assignment E2E Tests › Company Assignment › should require admin permissions for company assignment" classname="assignment-workflows.spec.ts" time="0.022">
<failure message="assignment-workflows.spec.ts:300:5 should require admin permissions for company assignment" type="FAILURE">
<![CDATA[  [chromium] › assignment-workflows.spec.ts:300:5 › User Assignment E2E Tests › Company Assignment › should require admin permissions for company assignment 

    Error: browserType.launch: Executable doesn't exist at C:\Users\tower\AppData\Local\ms-playwright\chromium-1194\chrome-win\chrome.exe
    ╔═════════════════════════════════════════════════════════════════════════╗
    ║ Looks like Playwright Test or Playwright was just installed or updated. ║
    ║ Please run the following command to download new browsers:              ║
    ║                                                                         ║
    ║     npx playwright install                                              ║
    ║                                                                         ║
    ║ <3 Playwright Team                                                      ║
    ╚═════════════════════════════════════════════════════════════════════════╝
]]>
</failure>
</testcase>
<testcase name="User Assignment E2E Tests › Assignment Management Panel › should display assignment statistics" classname="assignment-workflows.spec.ts" time="0.015">
<failure message="assignment-workflows.spec.ts:321:5 should display assignment statistics" type="FAILURE">
<![CDATA[  [chromium] › assignment-workflows.spec.ts:321:5 › User Assignment E2E Tests › Assignment Management Panel › should display assignment statistics 

    Error: browserType.launch: Executable doesn't exist at C:\Users\tower\AppData\Local\ms-playwright\chromium-1194\chrome-win\chrome.exe
    ╔═════════════════════════════════════════════════════════════════════════╗
    ║ Looks like Playwright Test or Playwright was just installed or updated. ║
    ║ Please run the following command to download new browsers:              ║
    ║                                                                         ║
    ║     npx playwright install                                              ║
    ║                                                                         ║
    ║ <3 Playwright Team                                                      ║
    ╚═════════════════════════════════════════════════════════════════════════╝
]]>
</failure>
</testcase>
<testcase name="User Assignment E2E Tests › Assignment Management Panel › should display assignments by user table" classname="assignment-workflows.spec.ts" time="0.014">
<failure message="assignment-workflows.spec.ts:335:5 should display assignments by user table" type="FAILURE">
<![CDATA[  [chromium] › assignment-workflows.spec.ts:335:5 › User Assignment E2E Tests › Assignment Management Panel › should display assignments by user table 

    Error: browserType.launch: Executable doesn't exist at C:\Users\tower\AppData\Local\ms-playwright\chromium-1194\chrome-win\chrome.exe
    ╔═════════════════════════════════════════════════════════════════════════╗
    ║ Looks like Playwright Test or Playwright was just installed or updated. ║
    ║ Please run the following command to download new browsers:              ║
    ║                                                                         ║
    ║     npx playwright install                                              ║
    ║                                                                         ║
    ║ <3 Playwright Team                                                      ║
    ╚═════════════════════════════════════════════════════════════════════════╝
]]>
</failure>
</testcase>
<testcase name="User Assignment E2E Tests › Assignment Management Panel › should reassign user records" classname="assignment-workflows.spec.ts" time="0.022">
<failure message="assignment-workflows.spec.ts:349:5 should reassign user records" type="FAILURE">
<![CDATA[  [chromium] › assignment-workflows.spec.ts:349:5 › User Assignment E2E Tests › Assignment Management Panel › should reassign user records 

    Error: browserType.launch: Executable doesn't exist at C:\Users\tower\AppData\Local\ms-playwright\chromium-1194\chrome-win\chrome.exe
    ╔═════════════════════════════════════════════════════════════════════════╗
    ║ Looks like Playwright Test or Playwright was just installed or updated. ║
    ║ Please run the following command to download new browsers:              ║
    ║                                                                         ║
    ║     npx playwright install                                              ║
    ║                                                                         ║
    ║ <3 Playwright Team                                                      ║
    ╚═════════════════════════════════════════════════════════════════════════╝
]]>
</failure>
</testcase>
<testcase name="User Assignment E2E Tests › Assignment Management Panel › should refresh assignment data" classname="assignment-workflows.spec.ts" time="0.014">
<failure message="assignment-workflows.spec.ts:382:5 should refresh assignment data" type="FAILURE">
<![CDATA[  [chromium] › assignment-workflows.spec.ts:382:5 › User Assignment E2E Tests › Assignment Management Panel › should refresh assignment data 

    Error: browserType.launch: Executable doesn't exist at C:\Users\tower\AppData\Local\ms-playwright\chromium-1194\chrome-win\chrome.exe
    ╔═════════════════════════════════════════════════════════════════════════╗
    ║ Looks like Playwright Test or Playwright was just installed or updated. ║
    ║ Please run the following command to download new browsers:              ║
    ║                                                                         ║
    ║     npx playwright install                                              ║
    ║                                                                         ║
    ║ <3 Playwright Team                                                      ║
    ╚═════════════════════════════════════════════════════════════════════════╝
]]>
</failure>
</testcase>
<testcase name="User Assignment E2E Tests › Assignment Management Panel › should show permission denied for non-admin users" classname="assignment-workflows.spec.ts" time="0.016">
<failure message="assignment-workflows.spec.ts:406:5 should show permission denied for non-admin users" type="FAILURE">
<![CDATA[  [chromium] › assignment-workflows.spec.ts:406:5 › User Assignment E2E Tests › Assignment Management Panel › should show permission denied for non-admin users 

    Error: browserType.launch: Executable doesn't exist at C:\Users\tower\AppData\Local\ms-playwright\chromium-1194\chrome-win\chrome.exe
    ╔═════════════════════════════════════════════════════════════════════════╗
    ║ Looks like Playwright Test or Playwright was just installed or updated. ║
    ║ Please run the following command to download new browsers:              ║
    ║                                                                         ║
    ║     npx playwright install                                              ║
    ║                                                                         ║
    ║ <3 Playwright Team                                                      ║
    ╚═════════════════════════════════════════════════════════════════════════╝
]]>
</failure>
</testcase>
<testcase name="User Assignment E2E Tests › Assignment Workflow Integration › should complete full assignment workflow" classname="assignment-workflows.spec.ts" time="0.023">
<failure message="assignment-workflows.spec.ts:423:5 should complete full assignment workflow" type="FAILURE">
<![CDATA[  [chromium] › assignment-workflows.spec.ts:423:5 › User Assignment E2E Tests › Assignment Workflow Integration › should complete full assignment workflow 

    Error: browserType.launch: Executable doesn't exist at C:\Users\tower\AppData\Local\ms-playwright\chromium-1194\chrome-win\chrome.exe
    ╔═════════════════════════════════════════════════════════════════════════╗
    ║ Looks like Playwright Test or Playwright was just installed or updated. ║
    ║ Please run the following command to download new browsers:              ║
    ║                                                                         ║
    ║     npx playwright install                                              ║
    ║                                                                         ║
    ║ <3 Playwright Team                                                      ║
    ╚═════════════════════════════════════════════════════════════════════════╝
]]>
</failure>
</testcase>
<testcase name="User Assignment E2E Tests › Assignment Workflow Integration › should handle concurrent assignment attempts" classname="assignment-workflows.spec.ts" time="0.015">
<failure message="assignment-workflows.spec.ts:478:5 should handle concurrent assignment attempts" type="FAILURE">
<![CDATA[  [chromium] › assignment-workflows.spec.ts:478:5 › User Assignment E2E Tests › Assignment Workflow Integration › should handle concurrent assignment attempts 

    Error: browserType.launch: Executable doesn't exist at C:\Users\tower\AppData\Local\ms-playwright\chromium-1194\chrome-win\chrome.exe
    ╔═════════════════════════════════════════════════════════════════════════╗
    ║ Looks like Playwright Test or Playwright was just installed or updated. ║
    ║ Please run the following command to download new browsers:              ║
    ║                                                                         ║
    ║     npx playwright install                                              ║
    ║                                                                         ║
    ║ <3 Playwright Team                                                      ║
    ╚═════════════════════════════════════════════════════════════════════════╝
]]>
</failure>
</testcase>
<testcase name="User Assignment E2E Tests › Mobile Assignment Workflow › should work on mobile devices" classname="assignment-workflows.spec.ts" time="0.014">
<failure message="assignment-workflows.spec.ts:529:5 should work on mobile devices" type="FAILURE">
<![CDATA[  [chromium] › assignment-workflows.spec.ts:529:5 › User Assignment E2E Tests › Mobile Assignment Workflow › should work on mobile devices 

    Error: browserType.launch: Executable doesn't exist at C:\Users\tower\AppData\Local\ms-playwright\chromium-1194\chrome-win\chrome.exe
    ╔═════════════════════════════════════════════════════════════════════════╗
    ║ Looks like Playwright Test or Playwright was just installed or updated. ║
    ║ Please run the following command to download new browsers:              ║
    ║                                                                         ║
    ║     npx playwright install                                              ║
    ║                                                                         ║
    ║ <3 Playwright Team                                                      ║
    ╚═════════════════════════════════════════════════════════════════════════╝
]]>
</failure>
</testcase>
<testcase name="User Assignment E2E Tests › Mobile Assignment Workflow › should handle mobile bulk assignment" classname="assignment-workflows.spec.ts" time="0.014">
<failure message="assignment-workflows.spec.ts:554:5 should handle mobile bulk assignment" type="FAILURE">
<![CDATA[  [chromium] › assignment-workflows.spec.ts:554:5 › User Assignment E2E Tests › Mobile Assignment Workflow › should handle mobile bulk assignment 

    Error: browserType.launch: Executable doesn't exist at C:\Users\tower\AppData\Local\ms-playwright\chromium-1194\chrome-win\chrome.exe
    ╔═════════════════════════════════════════════════════════════════════════╗
    ║ Looks like Playwright Test or Playwright was just installed or updated. ║
    ║ Please run the following command to download new browsers:              ║
    ║                                                                         ║
    ║     npx playwright install                                              ║
    ║                                                                         ║
    ║ <3 Playwright Team                                                      ║
    ╚═════════════════════════════════════════════════════════════════════════╝
]]>
</failure>
</testcase>
</testsuite>
<testsuite name="auth.spec.ts" timestamp="2025-10-07T10:54:42.270Z" hostname="chromium" tests="18" failures="18" skipped="0" time="0.279" errors="0">
<testcase name="Empowr CRM - Authentication Flow › should display sign-in page" classname="auth.spec.ts" time="0.016">
<failure message="auth.spec.ts:5:3 should display sign-in page" type="FAILURE">
<![CDATA[  [chromium] › auth.spec.ts:5:3 › Empowr CRM - Authentication Flow › should display sign-in page ───

    Error: browserType.launch: Executable doesn't exist at C:\Users\tower\AppData\Local\ms-playwright\chromium-1194\chrome-win\chrome.exe
    ╔═════════════════════════════════════════════════════════════════════════╗
    ║ Looks like Playwright Test or Playwright was just installed or updated. ║
    ║ Please run the following command to download new browsers:              ║
    ║                                                                         ║
    ║     npx playwright install                                              ║
    ║                                                                         ║
    ║ <3 Playwright Team                                                      ║
    ╚═════════════════════════════════════════════════════════════════════════╝
]]>
</failure>
</testcase>
<testcase name="Empowr CRM - Authentication Flow › should handle authentication error gracefully" classname="auth.spec.ts" time="0.02">
<failure message="auth.spec.ts:27:3 should handle authentication error gracefully" type="FAILURE">
<![CDATA[  [chromium] › auth.spec.ts:27:3 › Empowr CRM - Authentication Flow › should handle authentication error gracefully 

    Error: browserType.launch: Executable doesn't exist at C:\Users\tower\AppData\Local\ms-playwright\chromium-1194\chrome-win\chrome.exe
    ╔═════════════════════════════════════════════════════════════════════════╗
    ║ Looks like Playwright Test or Playwright was just installed or updated. ║
    ║ Please run the following command to download new browsers:              ║
    ║                                                                         ║
    ║     npx playwright install                                              ║
    ║                                                                         ║
    ║ <3 Playwright Team                                                      ║
    ╚═════════════════════════════════════════════════════════════════════════╝
]]>
</failure>
</testcase>
<testcase name="Empowr CRM - Dashboard › should load dashboard with stats" classname="auth.spec.ts" time="0.014">
<failure message="auth.spec.ts:67:3 should load dashboard with stats" type="FAILURE">
<![CDATA[  [chromium] › auth.spec.ts:67:3 › Empowr CRM - Dashboard › should load dashboard with stats ───────

    Error: browserType.launch: Executable doesn't exist at C:\Users\tower\AppData\Local\ms-playwright\chromium-1194\chrome-win\chrome.exe
    ╔═════════════════════════════════════════════════════════════════════════╗
    ║ Looks like Playwright Test or Playwright was just installed or updated. ║
    ║ Please run the following command to download new browsers:              ║
    ║                                                                         ║
    ║     npx playwright install                                              ║
    ║                                                                         ║
    ║ <3 Playwright Team                                                      ║
    ╚═════════════════════════════════════════════════════════════════════════╝
]]>
</failure>
</testcase>
<testcase name="Empowr CRM - Dashboard › should navigate to leads page" classname="auth.spec.ts" time="0.013">
<failure message="auth.spec.ts:79:3 should navigate to leads page" type="FAILURE">
<![CDATA[  [chromium] › auth.spec.ts:79:3 › Empowr CRM - Dashboard › should navigate to leads page ──────────

    Error: browserType.launch: Executable doesn't exist at C:\Users\tower\AppData\Local\ms-playwright\chromium-1194\chrome-win\chrome.exe
    ╔═════════════════════════════════════════════════════════════════════════╗
    ║ Looks like Playwright Test or Playwright was just installed or updated. ║
    ║ Please run the following command to download new browsers:              ║
    ║                                                                         ║
    ║     npx playwright install                                              ║
    ║                                                                         ║
    ║ <3 Playwright Team                                                      ║
    ╚═════════════════════════════════════════════════════════════════════════╝
]]>
</failure>
</testcase>
<testcase name="Empowr CRM - Dashboard › should navigate to companies page" classname="auth.spec.ts" time="0.014">
<failure message="auth.spec.ts:90:3 should navigate to companies page" type="FAILURE">
<![CDATA[  [chromium] › auth.spec.ts:90:3 › Empowr CRM - Dashboard › should navigate to companies page ──────

    Error: browserType.launch: Executable doesn't exist at C:\Users\tower\AppData\Local\ms-playwright\chromium-1194\chrome-win\chrome.exe
    ╔═════════════════════════════════════════════════════════════════════════╗
    ║ Looks like Playwright Test or Playwright was just installed or updated. ║
    ║ Please run the following command to download new browsers:              ║
    ║                                                                         ║
    ║     npx playwright install                                              ║
    ║                                                                         ║
    ║ <3 Playwright Team                                                      ║
    ╚═════════════════════════════════════════════════════════════════════════╝
]]>
</failure>
</testcase>
<testcase name="Empowr CRM - Dashboard › should navigate to jobs page" classname="auth.spec.ts" time="0.015">
<failure message="auth.spec.ts:101:3 should navigate to jobs page" type="FAILURE">
<![CDATA[  [chromium] › auth.spec.ts:101:3 › Empowr CRM - Dashboard › should navigate to jobs page ──────────

    Error: browserType.launch: Executable doesn't exist at C:\Users\tower\AppData\Local\ms-playwright\chromium-1194\chrome-win\chrome.exe
    ╔═════════════════════════════════════════════════════════════════════════╗
    ║ Looks like Playwright Test or Playwright was just installed or updated. ║
    ║ Please run the following command to download new browsers:              ║
    ║                                                                         ║
    ║     npx playwright install                                              ║
    ║                                                                         ║
    ║ <3 Playwright Team                                                      ║
    ╚═════════════════════════════════════════════════════════════════════════╝
]]>
</failure>
</testcase>
<testcase name="Empowr CRM - Lead Management › should display leads list" classname="auth.spec.ts" time="0.013">
<failure message="auth.spec.ts:146:3 should display leads list" type="FAILURE">
<![CDATA[  [chromium] › auth.spec.ts:146:3 › Empowr CRM - Lead Management › should display leads list ───────

    Error: browserType.launch: Executable doesn't exist at C:\Users\tower\AppData\Local\ms-playwright\chromium-1194\chrome-win\chrome.exe
    ╔═════════════════════════════════════════════════════════════════════════╗
    ║ Looks like Playwright Test or Playwright was just installed or updated. ║
    ║ Please run the following command to download new browsers:              ║
    ║                                                                         ║
    ║     npx playwright install                                              ║
    ║                                                                         ║
    ║ <3 Playwright Team                                                      ║
    ╚═════════════════════════════════════════════════════════════════════════╝
]]>
</failure>
</testcase>
<testcase name="Empowr CRM - Lead Management › should open lead popup on click" classname="auth.spec.ts" time="0.017">
<failure message="auth.spec.ts:154:3 should open lead popup on click" type="FAILURE">
<![CDATA[  [chromium] › auth.spec.ts:154:3 › Empowr CRM - Lead Management › should open lead popup on click ─

    Error: browserType.launch: Executable doesn't exist at C:\Users\tower\AppData\Local\ms-playwright\chromium-1194\chrome-win\chrome.exe
    ╔═════════════════════════════════════════════════════════════════════════╗
    ║ Looks like Playwright Test or Playwright was just installed or updated. ║
    ║ Please run the following command to download new browsers:              ║
    ║                                                                         ║
    ║     npx playwright install                                              ║
    ║                                                                         ║
    ║ <3 Playwright Team                                                      ║
    ╚═════════════════════════════════════════════════════════════════════════╝
]]>
</failure>
</testcase>
<testcase name="Empowr CRM - Lead Management › should close popup on backdrop click" classname="auth.spec.ts" time="0.015">
<failure message="auth.spec.ts:165:3 should close popup on backdrop click" type="FAILURE">
<![CDATA[  [chromium] › auth.spec.ts:165:3 › Empowr CRM - Lead Management › should close popup on backdrop click 

    Error: browserType.launch: Executable doesn't exist at C:\Users\tower\AppData\Local\ms-playwright\chromium-1194\chrome-win\chrome.exe
    ╔═════════════════════════════════════════════════════════════════════════╗
    ║ Looks like Playwright Test or Playwright was just installed or updated. ║
    ║ Please run the following command to download new browsers:              ║
    ║                                                                         ║
    ║     npx playwright install                                              ║
    ║                                                                         ║
    ║ <3 Playwright Team                                                      ║
    ╚═════════════════════════════════════════════════════════════════════════╝
]]>
</failure>
</testcase>
<testcase name="Empowr CRM - Lead Management › should close popup on escape key" classname="auth.spec.ts" time="0.022">
<failure message="auth.spec.ts:179:3 should close popup on escape key" type="FAILURE">
<![CDATA[  [chromium] › auth.spec.ts:179:3 › Empowr CRM - Lead Management › should close popup on escape key 

    Error: browserType.launch: Executable doesn't exist at C:\Users\tower\AppData\Local\ms-playwright\chromium-1194\chrome-win\chrome.exe
    ╔═════════════════════════════════════════════════════════════════════════╗
    ║ Looks like Playwright Test or Playwright was just installed or updated. ║
    ║ Please run the following command to download new browsers:              ║
    ║                                                                         ║
    ║     npx playwright install                                              ║
    ║                                                                         ║
    ║ <3 Playwright Team                                                      ║
    ╚═════════════════════════════════════════════════════════════════════════╝
]]>
</failure>
</testcase>
<testcase name="Empowr CRM - Company Management › should display companies list" classname="auth.spec.ts" time="0.033">
<failure message="auth.spec.ts:227:3 should display companies list" type="FAILURE">
<![CDATA[  [chromium] › auth.spec.ts:227:3 › Empowr CRM - Company Management › should display companies list 

    Error: browserType.launch: Executable doesn't exist at C:\Users\tower\AppData\Local\ms-playwright\chromium-1194\chrome-win\chrome.exe
    ╔═════════════════════════════════════════════════════════════════════════╗
    ║ Looks like Playwright Test or Playwright was just installed or updated. ║
    ║ Please run the following command to download new browsers:              ║
    ║                                                                         ║
    ║     npx playwright install                                              ║
    ║                                                                         ║
    ║ <3 Playwright Team                                                      ║
    ╚═════════════════════════════════════════════════════════════════════════╝
]]>
</failure>
</testcase>
<testcase name="Empowr CRM - Company Management › should open company popup on click" classname="auth.spec.ts" time="0.012">
<failure message="auth.spec.ts:235:3 should open company popup on click" type="FAILURE">
<![CDATA[  [chromium] › auth.spec.ts:235:3 › Empowr CRM - Company Management › should open company popup on click 

    Error: browserType.launch: Executable doesn't exist at C:\Users\tower\AppData\Local\ms-playwright\chromium-1194\chrome-win\chrome.exe
    ╔═════════════════════════════════════════════════════════════════════════╗
    ║ Looks like Playwright Test or Playwright was just installed or updated. ║
    ║ Please run the following command to download new browsers:              ║
    ║                                                                         ║
    ║     npx playwright install                                              ║
    ║                                                                         ║
    ║ <3 Playwright Team                                                      ║
    ╚═════════════════════════════════════════════════════════════════════════╝
]]>
</failure>
</testcase>
<testcase name="Empowr CRM - Responsive Design › should work on mobile devices" classname="auth.spec.ts" time="0.014">
<failure message="auth.spec.ts:248:3 should work on mobile devices" type="FAILURE">
<![CDATA[  [chromium] › auth.spec.ts:248:3 › Empowr CRM - Responsive Design › should work on mobile devices ─

    Error: browserType.launch: Executable doesn't exist at C:\Users\tower\AppData\Local\ms-playwright\chromium-1194\chrome-win\chrome.exe
    ╔═════════════════════════════════════════════════════════════════════════╗
    ║ Looks like Playwright Test or Playwright was just installed or updated. ║
    ║ Please run the following command to download new browsers:              ║
    ║                                                                         ║
    ║     npx playwright install                                              ║
    ║                                                                         ║
    ║ <3 Playwright Team                                                      ║
    ╚═════════════════════════════════════════════════════════════════════════╝
]]>
</failure>
</testcase>
<testcase name="Empowr CRM - Responsive Design › should work on tablet devices" classname="auth.spec.ts" time="0.013">
<failure message="auth.spec.ts:263:3 should work on tablet devices" type="FAILURE">
<![CDATA[  [chromium] › auth.spec.ts:263:3 › Empowr CRM - Responsive Design › should work on tablet devices ─

    Error: browserType.launch: Executable doesn't exist at C:\Users\tower\AppData\Local\ms-playwright\chromium-1194\chrome-win\chrome.exe
    ╔═════════════════════════════════════════════════════════════════════════╗
    ║ Looks like Playwright Test or Playwright was just installed or updated. ║
    ║ Please run the following command to download new browsers:              ║
    ║                                                                         ║
    ║     npx playwright install                                              ║
    ║                                                                         ║
    ║ <3 Playwright Team                                                      ║
    ╚═════════════════════════════════════════════════════════════════════════╝
]]>
</failure>
</testcase>
<testcase name="Empowr CRM - Error Handling › should handle network errors gracefully" classname="auth.spec.ts" time="0.012">
<failure message="auth.spec.ts:276:3 should handle network errors gracefully" type="FAILURE">
<![CDATA[  [chromium] › auth.spec.ts:276:3 › Empowr CRM - Error Handling › should handle network errors gracefully 

    Error: browserType.launch: Executable doesn't exist at C:\Users\tower\AppData\Local\ms-playwright\chromium-1194\chrome-win\chrome.exe
    ╔═════════════════════════════════════════════════════════════════════════╗
    ║ Looks like Playwright Test or Playwright was just installed or updated. ║
    ║ Please run the following command to download new browsers:              ║
    ║                                                                         ║
    ║     npx playwright install                                              ║
    ║                                                                         ║
    ║ <3 Playwright Team                                                      ║
    ╚═════════════════════════════════════════════════════════════════════════╝
]]>
</failure>
</testcase>
<testcase name="Empowr CRM - Error Handling › should handle 404 errors" classname="auth.spec.ts" time="0.012">
<failure message="auth.spec.ts:288:3 should handle 404 errors" type="FAILURE">
<![CDATA[  [chromium] › auth.spec.ts:288:3 › Empowr CRM - Error Handling › should handle 404 errors ─────────

    Error: browserType.launch: Executable doesn't exist at C:\Users\tower\AppData\Local\ms-playwright\chromium-1194\chrome-win\chrome.exe
    ╔═════════════════════════════════════════════════════════════════════════╗
    ║ Looks like Playwright Test or Playwright was just installed or updated. ║
    ║ Please run the following command to download new browsers:              ║
    ║                                                                         ║
    ║     npx playwright install                                              ║
    ║                                                                         ║
    ║ <3 Playwright Team                                                      ║
    ╚═════════════════════════════════════════════════════════════════════════╝
]]>
</failure>
</testcase>
<testcase name="Empowr CRM - Performance › should load within acceptable time" classname="auth.spec.ts" time="0.012">
<failure message="auth.spec.ts:297:3 should load within acceptable time" type="FAILURE">
<![CDATA[  [chromium] › auth.spec.ts:297:3 › Empowr CRM - Performance › should load within acceptable time ──

    Error: browserType.launch: Executable doesn't exist at C:\Users\tower\AppData\Local\ms-playwright\chromium-1194\chrome-win\chrome.exe
    ╔═════════════════════════════════════════════════════════════════════════╗
    ║ Looks like Playwright Test or Playwright was just installed or updated. ║
    ║ Please run the following command to download new browsers:              ║
    ║                                                                         ║
    ║     npx playwright install                                              ║
    ║                                                                         ║
    ║ <3 Playwright Team                                                      ║
    ╚═════════════════════════════════════════════════════════════════════════╝
]]>
</failure>
</testcase>
<testcase name="Empowr CRM - Performance › should have good Lighthouse scores" classname="auth.spec.ts" time="0.012">
<failure message="auth.spec.ts:309:3 should have good Lighthouse scores" type="FAILURE">
<![CDATA[  [chromium] › auth.spec.ts:309:3 › Empowr CRM - Performance › should have good Lighthouse scores ──

    Error: browserType.launch: Executable doesn't exist at C:\Users\tower\AppData\Local\ms-playwright\chromium-1194\chrome-win\chrome.exe
    ╔═════════════════════════════════════════════════════════════════════════╗
    ║ Looks like Playwright Test or Playwright was just installed or updated. ║
    ║ Please run the following command to download new browsers:              ║
    ║                                                                         ║
    ║     npx playwright install                                              ║
    ║                                                                         ║
    ║ <3 Playwright Team                                                      ║
    ╚═════════════════════════════════════════════════════════════════════════╝
]]>
</failure>
</testcase>
</testsuite>
<testsuite name="authorization.spec.ts" timestamp="2025-10-07T10:54:42.270Z" hostname="chromium" tests="28" failures="28" skipped="0" time="0.338" errors="0">
<testcase name="Authorization E2E Tests › Owner Role Tests › should have full access to all features" classname="authorization.spec.ts" time="0.013">
<failure message="authorization.spec.ts:147:5 should have full access to all features" type="FAILURE">
<![CDATA[  [chromium] › authorization.spec.ts:147:5 › Authorization E2E Tests › Owner Role Tests › should have full access to all features 

    Error: browserType.launch: Executable doesn't exist at C:\Users\tower\AppData\Local\ms-playwright\chromium-1194\chrome-win\chrome.exe
    ╔═════════════════════════════════════════════════════════════════════════╗
    ║ Looks like Playwright Test or Playwright was just installed or updated. ║
    ║ Please run the following command to download new browsers:              ║
    ║                                                                         ║
    ║     npx playwright install                                              ║
    ║                                                                         ║
    ║ <3 Playwright Team                                                      ║
    ╚═════════════════════════════════════════════════════════════════════════╝
]]>
</failure>
</testcase>
<testcase name="Authorization E2E Tests › Owner Role Tests › should see all companies regardless of ownership" classname="authorization.spec.ts" time="0.015">
<failure message="authorization.spec.ts:158:5 should see all companies regardless of ownership" type="FAILURE">
<![CDATA[  [chromium] › authorization.spec.ts:158:5 › Authorization E2E Tests › Owner Role Tests › should see all companies regardless of ownership 

    Error: browserType.launch: Executable doesn't exist at C:\Users\tower\AppData\Local\ms-playwright\chromium-1194\chrome-win\chrome.exe
    ╔═════════════════════════════════════════════════════════════════════════╗
    ║ Looks like Playwright Test or Playwright was just installed or updated. ║
    ║ Please run the following command to download new browsers:              ║
    ║                                                                         ║
    ║     npx playwright install                                              ║
    ║                                                                         ║
    ║ <3 Playwright Team                                                      ║
    ╚═════════════════════════════════════════════════════════════════════════╝
]]>
</failure>
</testcase>
<testcase name="Authorization E2E Tests › Owner Role Tests › should see all people regardless of ownership" classname="authorization.spec.ts" time="0.013">
<failure message="authorization.spec.ts:166:5 should see all people regardless of ownership" type="FAILURE">
<![CDATA[  [chromium] › authorization.spec.ts:166:5 › Authorization E2E Tests › Owner Role Tests › should see all people regardless of ownership 

    Error: browserType.launch: Executable doesn't exist at C:\Users\tower\AppData\Local\ms-playwright\chromium-1194\chrome-win\chrome.exe
    ╔═════════════════════════════════════════════════════════════════════════╗
    ║ Looks like Playwright Test or Playwright was just installed or updated. ║
    ║ Please run the following command to download new browsers:              ║
    ║                                                                         ║
    ║     npx playwright install                                              ║
    ║                                                                         ║
    ║ <3 Playwright Team                                                      ║
    ╚═════════════════════════════════════════════════════════════════════════╝
]]>
</failure>
</testcase>
<testcase name="Authorization E2E Tests › Owner Role Tests › should see all jobs regardless of ownership" classname="authorization.spec.ts" time="0.012">
<failure message="authorization.spec.ts:174:5 should see all jobs regardless of ownership" type="FAILURE">
<![CDATA[  [chromium] › authorization.spec.ts:174:5 › Authorization E2E Tests › Owner Role Tests › should see all jobs regardless of ownership 

    Error: browserType.launch: Executable doesn't exist at C:\Users\tower\AppData\Local\ms-playwright\chromium-1194\chrome-win\chrome.exe
    ╔═════════════════════════════════════════════════════════════════════════╗
    ║ Looks like Playwright Test or Playwright was just installed or updated. ║
    ║ Please run the following command to download new browsers:              ║
    ║                                                                         ║
    ║     npx playwright install                                              ║
    ║                                                                         ║
    ║ <3 Playwright Team                                                      ║
    ╚═════════════════════════════════════════════════════════════════════════╝
]]>
</failure>
</testcase>
<testcase name="Authorization E2E Tests › Owner Role Tests › should be able to assign entities to any user" classname="authorization.spec.ts" time="0.021">
<failure message="authorization.spec.ts:181:5 should be able to assign entities to any user" type="FAILURE">
<![CDATA[  [chromium] › authorization.spec.ts:181:5 › Authorization E2E Tests › Owner Role Tests › should be able to assign entities to any user 

    Error: browserType.launch: Executable doesn't exist at C:\Users\tower\AppData\Local\ms-playwright\chromium-1194\chrome-win\chrome.exe
    ╔═════════════════════════════════════════════════════════════════════════╗
    ║ Looks like Playwright Test or Playwright was just installed or updated. ║
    ║ Please run the following command to download new browsers:              ║
    ║                                                                         ║
    ║     npx playwright install                                              ║
    ║                                                                         ║
    ║ <3 Playwright Team                                                      ║
    ╚═════════════════════════════════════════════════════════════════════════╝
]]>
</failure>
</testcase>
<testcase name="Authorization E2E Tests › Owner Role Tests › should have access to user management" classname="authorization.spec.ts" time="0.011">
<failure message="authorization.spec.ts:203:5 should have access to user management" type="FAILURE">
<![CDATA[  [chromium] › authorization.spec.ts:203:5 › Authorization E2E Tests › Owner Role Tests › should have access to user management 

    Error: browserType.launch: Executable doesn't exist at C:\Users\tower\AppData\Local\ms-playwright\chromium-1194\chrome-win\chrome.exe
    ╔═════════════════════════════════════════════════════════════════════════╗
    ║ Looks like Playwright Test or Playwright was just installed or updated. ║
    ║ Please run the following command to download new browsers:              ║
    ║                                                                         ║
    ║     npx playwright install                                              ║
    ║                                                                         ║
    ║ <3 Playwright Team                                                      ║
    ╚═════════════════════════════════════════════════════════════════════════╝
]]>
</failure>
</testcase>
<testcase name="Authorization E2E Tests › Admin Role Tests › should have access to most features" classname="authorization.spec.ts" time="0.012">
<failure message="authorization.spec.ts:227:5 should have access to most features" type="FAILURE">
<![CDATA[  [chromium] › authorization.spec.ts:227:5 › Authorization E2E Tests › Admin Role Tests › should have access to most features 

    Error: browserType.launch: Executable doesn't exist at C:\Users\tower\AppData\Local\ms-playwright\chromium-1194\chrome-win\chrome.exe
    ╔═════════════════════════════════════════════════════════════════════════╗
    ║ Looks like Playwright Test or Playwright was just installed or updated. ║
    ║ Please run the following command to download new browsers:              ║
    ║                                                                         ║
    ║     npx playwright install                                              ║
    ║                                                                         ║
    ║ <3 Playwright Team                                                      ║
    ╚═════════════════════════════════════════════════════════════════════════╝
]]>
</failure>
</testcase>
<testcase name="Authorization E2E Tests › Admin Role Tests › should see all companies regardless of ownership" classname="authorization.spec.ts" time="0.013">
<failure message="authorization.spec.ts:238:5 should see all companies regardless of ownership" type="FAILURE">
<![CDATA[  [chromium] › authorization.spec.ts:238:5 › Authorization E2E Tests › Admin Role Tests › should see all companies regardless of ownership 

    Error: browserType.launch: Executable doesn't exist at C:\Users\tower\AppData\Local\ms-playwright\chromium-1194\chrome-win\chrome.exe
    ╔═════════════════════════════════════════════════════════════════════════╗
    ║ Looks like Playwright Test or Playwright was just installed or updated. ║
    ║ Please run the following command to download new browsers:              ║
    ║                                                                         ║
    ║     npx playwright install                                              ║
    ║                                                                         ║
    ║ <3 Playwright Team                                                      ║
    ╚═════════════════════════════════════════════════════════════════════════╝
]]>
</failure>
</testcase>
<testcase name="Authorization E2E Tests › Admin Role Tests › should be able to assign entities to any user" classname="authorization.spec.ts" time="0.014">
<failure message="authorization.spec.ts:246:5 should be able to assign entities to any user" type="FAILURE">
<![CDATA[  [chromium] › authorization.spec.ts:246:5 › Authorization E2E Tests › Admin Role Tests › should be able to assign entities to any user 

    Error: browserType.launch: Executable doesn't exist at C:\Users\tower\AppData\Local\ms-playwright\chromium-1194\chrome-win\chrome.exe
    ╔═════════════════════════════════════════════════════════════════════════╗
    ║ Looks like Playwright Test or Playwright was just installed or updated. ║
    ║ Please run the following command to download new browsers:              ║
    ║                                                                         ║
    ║     npx playwright install                                              ║
    ║                                                                         ║
    ║ <3 Playwright Team                                                      ║
    ╚═════════════════════════════════════════════════════════════════════════╝
]]>
</failure>
</testcase>
<testcase name="Authorization E2E Tests › Admin Role Tests › should have access to user management" classname="authorization.spec.ts" time="0.012">
<failure message="authorization.spec.ts:268:5 should have access to user management" type="FAILURE">
<![CDATA[  [chromium] › authorization.spec.ts:268:5 › Authorization E2E Tests › Admin Role Tests › should have access to user management 

    Error: browserType.launch: Executable doesn't exist at C:\Users\tower\AppData\Local\ms-playwright\chromium-1194\chrome-win\chrome.exe
    ╔═════════════════════════════════════════════════════════════════════════╗
    ║ Looks like Playwright Test or Playwright was just installed or updated. ║
    ║ Please run the following command to download new browsers:              ║
    ║                                                                         ║
    ║     npx playwright install                                              ║
    ║                                                                         ║
    ║ <3 Playwright Team                                                      ║
    ╚═════════════════════════════════════════════════════════════════════════╝
]]>
</failure>
</testcase>
<testcase name="Authorization E2E Tests › Recruiter Role Tests › should have access to CRM features" classname="authorization.spec.ts" time="0.014">
<failure message="authorization.spec.ts:292:5 should have access to CRM features" type="FAILURE">
<![CDATA[  [chromium] › authorization.spec.ts:292:5 › Authorization E2E Tests › Recruiter Role Tests › should have access to CRM features 

    Error: browserType.launch: Executable doesn't exist at C:\Users\tower\AppData\Local\ms-playwright\chromium-1194\chrome-win\chrome.exe
    ╔═════════════════════════════════════════════════════════════════════════╗
    ║ Looks like Playwright Test or Playwright was just installed or updated. ║
    ║ Please run the following command to download new browsers:              ║
    ║                                                                         ║
    ║     npx playwright install                                              ║
    ║                                                                         ║
    ║ <3 Playwright Team                                                      ║
    ╚═════════════════════════════════════════════════════════════════════════╝
]]>
</failure>
</testcase>
<testcase name="Authorization E2E Tests › Recruiter Role Tests › should only see assigned companies" classname="authorization.spec.ts" time="0.013">
<failure message="authorization.spec.ts:303:5 should only see assigned companies" type="FAILURE">
<![CDATA[  [chromium] › authorization.spec.ts:303:5 › Authorization E2E Tests › Recruiter Role Tests › should only see assigned companies 

    Error: browserType.launch: Executable doesn't exist at C:\Users\tower\AppData\Local\ms-playwright\chromium-1194\chrome-win\chrome.exe
    ╔═════════════════════════════════════════════════════════════════════════╗
    ║ Looks like Playwright Test or Playwright was just installed or updated. ║
    ║ Please run the following command to download new browsers:              ║
    ║                                                                         ║
    ║     npx playwright install                                              ║
    ║                                                                         ║
    ║ <3 Playwright Team                                                      ║
    ╚═════════════════════════════════════════════════════════════════════════╝
]]>
</failure>
</testcase>
<testcase name="Authorization E2E Tests › Recruiter Role Tests › should only see assigned people" classname="authorization.spec.ts" time="0.01">
<failure message="authorization.spec.ts:314:5 should only see assigned people" type="FAILURE">
<![CDATA[  [chromium] › authorization.spec.ts:314:5 › Authorization E2E Tests › Recruiter Role Tests › should only see assigned people 

    Error: browserType.launch: Executable doesn't exist at C:\Users\tower\AppData\Local\ms-playwright\chromium-1194\chrome-win\chrome.exe
    ╔═════════════════════════════════════════════════════════════════════════╗
    ║ Looks like Playwright Test or Playwright was just installed or updated. ║
    ║ Please run the following command to download new browsers:              ║
    ║                                                                         ║
    ║     npx playwright install                                              ║
    ║                                                                         ║
    ║ <3 Playwright Team                                                      ║
    ╚═════════════════════════════════════════════════════════════════════════╝
]]>
</failure>
</testcase>
<testcase name="Authorization E2E Tests › Recruiter Role Tests › should only see assigned jobs" classname="authorization.spec.ts" time="0.01">
<failure message="authorization.spec.ts:325:5 should only see assigned jobs" type="FAILURE">
<![CDATA[  [chromium] › authorization.spec.ts:325:5 › Authorization E2E Tests › Recruiter Role Tests › should only see assigned jobs 

    Error: browserType.launch: Executable doesn't exist at C:\Users\tower\AppData\Local\ms-playwright\chromium-1194\chrome-win\chrome.exe
    ╔═════════════════════════════════════════════════════════════════════════╗
    ║ Looks like Playwright Test or Playwright was just installed or updated. ║
    ║ Please run the following command to download new browsers:              ║
    ║                                                                         ║
    ║     npx playwright install                                              ║
    ║                                                                         ║
    ║ <3 Playwright Team                                                      ║
    ╚═════════════════════════════════════════════════════════════════════════╝
]]>
</failure>
</testcase>
<testcase name="Authorization E2E Tests › Recruiter Role Tests › should be able to assign entities they own" classname="authorization.spec.ts" time="0.011">
<failure message="authorization.spec.ts:335:5 should be able to assign entities they own" type="FAILURE">
<![CDATA[  [chromium] › authorization.spec.ts:335:5 › Authorization E2E Tests › Recruiter Role Tests › should be able to assign entities they own 

    Error: browserType.launch: Executable doesn't exist at C:\Users\tower\AppData\Local\ms-playwright\chromium-1194\chrome-win\chrome.exe
    ╔═════════════════════════════════════════════════════════════════════════╗
    ║ Looks like Playwright Test or Playwright was just installed or updated. ║
    ║ Please run the following command to download new browsers:              ║
    ║                                                                         ║
    ║     npx playwright install                                              ║
    ║                                                                         ║
    ║ <3 Playwright Team                                                      ║
    ╚═════════════════════════════════════════════════════════════════════════╝
]]>
</failure>
</testcase>
<testcase name="Authorization E2E Tests › Recruiter Role Tests › should not have access to user management" classname="authorization.spec.ts" time="0.009">
<failure message="authorization.spec.ts:356:5 should not have access to user management" type="FAILURE">
<![CDATA[  [chromium] › authorization.spec.ts:356:5 › Authorization E2E Tests › Recruiter Role Tests › should not have access to user management 

    Error: browserType.launch: Executable doesn't exist at C:\Users\tower\AppData\Local\ms-playwright\chromium-1194\chrome-win\chrome.exe
    ╔═════════════════════════════════════════════════════════════════════════╗
    ║ Looks like Playwright Test or Playwright was just installed or updated. ║
    ║ Please run the following command to download new browsers:              ║
    ║                                                                         ║
    ║     npx playwright install                                              ║
    ║                                                                         ║
    ║ <3 Playwright Team                                                      ║
    ╚═════════════════════════════════════════════════════════════════════════╝
]]>
</failure>
</testcase>
<testcase name="Authorization E2E Tests › Viewer Role Tests › should have read-only access" classname="authorization.spec.ts" time="0.011">
<failure message="authorization.spec.ts:374:5 should have read-only access" type="FAILURE">
<![CDATA[  [chromium] › authorization.spec.ts:374:5 › Authorization E2E Tests › Viewer Role Tests › should have read-only access 

    Error: browserType.launch: Executable doesn't exist at C:\Users\tower\AppData\Local\ms-playwright\chromium-1194\chrome-win\chrome.exe
    ╔═════════════════════════════════════════════════════════════════════════╗
    ║ Looks like Playwright Test or Playwright was just installed or updated. ║
    ║ Please run the following command to download new browsers:              ║
    ║                                                                         ║
    ║     npx playwright install                                              ║
    ║                                                                         ║
    ║ <3 Playwright Team                                                      ║
    ╚═════════════════════════════════════════════════════════════════════════╝
]]>
</failure>
</testcase>
<testcase name="Authorization E2E Tests › Viewer Role Tests › should not see any companies (none assigned)" classname="authorization.spec.ts" time="0.011">
<failure message="authorization.spec.ts:384:5 should not see any companies (none assigned)" type="FAILURE">
<![CDATA[  [chromium] › authorization.spec.ts:384:5 › Authorization E2E Tests › Viewer Role Tests › should not see any companies (none assigned) 

    Error: browserType.launch: Executable doesn't exist at C:\Users\tower\AppData\Local\ms-playwright\chromium-1194\chrome-win\chrome.exe
    ╔═════════════════════════════════════════════════════════════════════════╗
    ║ Looks like Playwright Test or Playwright was just installed or updated. ║
    ║ Please run the following command to download new browsers:              ║
    ║                                                                         ║
    ║     npx playwright install                                              ║
    ║                                                                         ║
    ║ <3 Playwright Team                                                      ║
    ╚═════════════════════════════════════════════════════════════════════════╝
]]>
</failure>
</testcase>
<testcase name="Authorization E2E Tests › Viewer Role Tests › should not see any people (none assigned)" classname="authorization.spec.ts" time="0.011">
<failure message="authorization.spec.ts:396:5 should not see any people (none assigned)" type="FAILURE">
<![CDATA[  [chromium] › authorization.spec.ts:396:5 › Authorization E2E Tests › Viewer Role Tests › should not see any people (none assigned) 

    Error: browserType.launch: Executable doesn't exist at C:\Users\tower\AppData\Local\ms-playwright\chromium-1194\chrome-win\chrome.exe
    ╔═════════════════════════════════════════════════════════════════════════╗
    ║ Looks like Playwright Test or Playwright was just installed or updated. ║
    ║ Please run the following command to download new browsers:              ║
    ║                                                                         ║
    ║     npx playwright install                                              ║
    ║                                                                         ║
    ║ <3 Playwright Team                                                      ║
    ╚═════════════════════════════════════════════════════════════════════════╝
]]>
</failure>
</testcase>
<testcase name="Authorization E2E Tests › Viewer Role Tests › should not see any jobs (none assigned)" classname="authorization.spec.ts" time="0.01">
<failure message="authorization.spec.ts:408:5 should not see any jobs (none assigned)" type="FAILURE">
<![CDATA[  [chromium] › authorization.spec.ts:408:5 › Authorization E2E Tests › Viewer Role Tests › should not see any jobs (none assigned) 

    Error: browserType.launch: Executable doesn't exist at C:\Users\tower\AppData\Local\ms-playwright\chromium-1194\chrome-win\chrome.exe
    ╔═════════════════════════════════════════════════════════════════════════╗
    ║ Looks like Playwright Test or Playwright was just installed or updated. ║
    ║ Please run the following command to download new browsers:              ║
    ║                                                                         ║
    ║     npx playwright install                                              ║
    ║                                                                         ║
    ║ <3 Playwright Team                                                      ║
    ╚═════════════════════════════════════════════════════════════════════════╝
]]>
</failure>
</testcase>
<testcase name="Authorization E2E Tests › Viewer Role Tests › should not have assignment controls" classname="authorization.spec.ts" time="0.011">
<failure message="authorization.spec.ts:419:5 should not have assignment controls" type="FAILURE">
<![CDATA[  [chromium] › authorization.spec.ts:419:5 › Authorization E2E Tests › Viewer Role Tests › should not have assignment controls 

    Error: browserType.launch: Executable doesn't exist at C:\Users\tower\AppData\Local\ms-playwright\chromium-1194\chrome-win\chrome.exe
    ╔═════════════════════════════════════════════════════════════════════════╗
    ║ Looks like Playwright Test or Playwright was just installed or updated. ║
    ║ Please run the following command to download new browsers:              ║
    ║                                                                         ║
    ║     npx playwright install                                              ║
    ║                                                                         ║
    ║ <3 Playwright Team                                                      ║
    ╚═════════════════════════════════════════════════════════════════════════╝
]]>
</failure>
</testcase>
<testcase name="Authorization E2E Tests › Viewer Role Tests › should not have access to user management" classname="authorization.spec.ts" time="0.012">
<failure message="authorization.spec.ts:439:5 should not have access to user management" type="FAILURE">
<![CDATA[  [chromium] › authorization.spec.ts:439:5 › Authorization E2E Tests › Viewer Role Tests › should not have access to user management 

    Error: browserType.launch: Executable doesn't exist at C:\Users\tower\AppData\Local\ms-playwright\chromium-1194\chrome-win\chrome.exe
    ╔═════════════════════════════════════════════════════════════════════════╗
    ║ Looks like Playwright Test or Playwright was just installed or updated. ║
    ║ Please run the following command to download new browsers:              ║
    ║                                                                         ║
    ║     npx playwright install                                              ║
    ║                                                                         ║
    ║ <3 Playwright Team                                                      ║
    ╚═════════════════════════════════════════════════════════════════════════╝
]]>
</failure>
</testcase>
<testcase name="Authorization E2E Tests › Cross-Role Authorization Tests › should prevent unauthorized data access" classname="authorization.spec.ts" time="0.013">
<failure message="authorization.spec.ts:448:5 should prevent unauthorized data access" type="FAILURE">
<![CDATA[  [chromium] › authorization.spec.ts:448:5 › Authorization E2E Tests › Cross-Role Authorization Tests › should prevent unauthorized data access 

    Error: browserType.launch: Executable doesn't exist at C:\Users\tower\AppData\Local\ms-playwright\chromium-1194\chrome-win\chrome.exe
    ╔═════════════════════════════════════════════════════════════════════════╗
    ║ Looks like Playwright Test or Playwright was just installed or updated. ║
    ║ Please run the following command to download new browsers:              ║
    ║                                                                         ║
    ║     npx playwright install                                              ║
    ║                                                                         ║
    ║ <3 Playwright Team                                                      ║
    ╚═════════════════════════════════════════════════════════════════════════╝
]]>
</failure>
</testcase>
<testcase name="Authorization E2E Tests › Cross-Role Authorization Tests › should prevent unauthorized assignment operations" classname="authorization.spec.ts" time="0.01">
<failure message="authorization.spec.ts:460:5 should prevent unauthorized assignment operations" type="FAILURE">
<![CDATA[  [chromium] › authorization.spec.ts:460:5 › Authorization E2E Tests › Cross-Role Authorization Tests › should prevent unauthorized assignment operations 

    Error: browserType.launch: Executable doesn't exist at C:\Users\tower\AppData\Local\ms-playwright\chromium-1194\chrome-win\chrome.exe
    ╔═════════════════════════════════════════════════════════════════════════╗
    ║ Looks like Playwright Test or Playwright was just installed or updated. ║
    ║ Please run the following command to download new browsers:              ║
    ║                                                                         ║
    ║     npx playwright install                                              ║
    ║                                                                         ║
    ║ <3 Playwright Team                                                      ║
    ╚═════════════════════════════════════════════════════════════════════════╝
]]>
</failure>
</testcase>
<testcase name="Authorization E2E Tests › Cross-Role Authorization Tests › should handle role changes during session" classname="authorization.spec.ts" time="0.011">
<failure message="authorization.spec.ts:488:5 should handle role changes during session" type="FAILURE">
<![CDATA[  [chromium] › authorization.spec.ts:488:5 › Authorization E2E Tests › Cross-Role Authorization Tests › should handle role changes during session 

    Error: browserType.launch: Executable doesn't exist at C:\Users\tower\AppData\Local\ms-playwright\chromium-1194\chrome-win\chrome.exe
    ╔═════════════════════════════════════════════════════════════════════════╗
    ║ Looks like Playwright Test or Playwright was just installed or updated. ║
    ║ Please run the following command to download new browsers:              ║
    ║                                                                         ║
    ║     npx playwright install                                              ║
    ║                                                                         ║
    ║ <3 Playwright Team                                                      ║
    ╚═════════════════════════════════════════════════════════════════════════╝
]]>
</failure>
</testcase>
<testcase name="Authorization E2E Tests › Edge Cases › should handle deleted user assignments gracefully" classname="authorization.spec.ts" time="0.013">
<failure message="authorization.spec.ts:514:5 should handle deleted user assignments gracefully" type="FAILURE">
<![CDATA[  [chromium] › authorization.spec.ts:514:5 › Authorization E2E Tests › Edge Cases › should handle deleted user assignments gracefully 

    Error: browserType.launch: Executable doesn't exist at C:\Users\tower\AppData\Local\ms-playwright\chromium-1194\chrome-win\chrome.exe
    ╔═════════════════════════════════════════════════════════════════════════╗
    ║ Looks like Playwright Test or Playwright was just installed or updated. ║
    ║ Please run the following command to download new browsers:              ║
    ║                                                                         ║
    ║     npx playwright install                                              ║
    ║                                                                         ║
    ║ <3 Playwright Team                                                      ║
    ╚═════════════════════════════════════════════════════════════════════════╝
]]>
</failure>
</testcase>
<testcase name="Authorization E2E Tests › Edge Cases › should handle concurrent assignment attempts" classname="authorization.spec.ts" time="0.011">
<failure message="authorization.spec.ts:533:5 should handle concurrent assignment attempts" type="FAILURE">
<![CDATA[  [chromium] › authorization.spec.ts:533:5 › Authorization E2E Tests › Edge Cases › should handle concurrent assignment attempts 

    Error: browserType.launch: Executable doesn't exist at C:\Users\tower\AppData\Local\ms-playwright\chromium-1194\chrome-win\chrome.exe
    ╔═════════════════════════════════════════════════════════════════════════╗
    ║ Looks like Playwright Test or Playwright was just installed or updated. ║
    ║ Please run the following command to download new browsers:              ║
    ║                                                                         ║
    ║     npx playwright install                                              ║
    ║                                                                         ║
    ║ <3 Playwright Team                                                      ║
    ╚═════════════════════════════════════════════════════════════════════════╝
]]>
</failure>
</testcase>
<testcase name="Authorization E2E Tests › Edge Cases › should handle session expiration gracefully" classname="authorization.spec.ts" time="0.011">
<failure message="authorization.spec.ts:571:5 should handle session expiration gracefully" type="FAILURE">
<![CDATA[  [chromium] › authorization.spec.ts:571:5 › Authorization E2E Tests › Edge Cases › should handle session expiration gracefully 

    Error: browserType.launch: Executable doesn't exist at C:\Users\tower\AppData\Local\ms-playwright\chromium-1194\chrome-win\chrome.exe
    ╔═════════════════════════════════════════════════════════════════════════╗
    ║ Looks like Playwright Test or Playwright was just installed or updated. ║
    ║ Please run the following command to download new browsers:              ║
    ║                                                                         ║
    ║     npx playwright install                                              ║
    ║                                                                         ║
    ║ <3 Playwright Team                                                      ║
    ╚═════════════════════════════════════════════════════════════════════════╝
]]>
</failure>
</testcase>
</testsuite>
<testsuite name="user-journey.spec.ts" timestamp="2025-10-07T10:54:42.270Z" hostname="chromium" tests="9" failures="9" skipped="0" time="0.098" errors="0">
<testcase name="Empowr CRM - User Journey Tests › complete lead management workflow" classname="user-journey.spec.ts" time="0.012">
<failure message="user-journey.spec.ts:101:3 complete lead management workflow" type="FAILURE">
<![CDATA[  [chromium] › user-journey.spec.ts:101:3 › Empowr CRM - User Journey Tests › complete lead management workflow 

    Error: browserType.launch: Executable doesn't exist at C:\Users\tower\AppData\Local\ms-playwright\chromium-1194\chrome-win\chrome.exe
    ╔═════════════════════════════════════════════════════════════════════════╗
    ║ Looks like Playwright Test or Playwright was just installed or updated. ║
    ║ Please run the following command to download new browsers:              ║
    ║                                                                         ║
    ║     npx playwright install                                              ║
    ║                                                                         ║
    ║ <3 Playwright Team                                                      ║
    ╚═════════════════════════════════════════════════════════════════════════╝
]]>
</failure>
</testcase>
<testcase name="Empowr CRM - User Journey Tests › complete company management workflow" classname="user-journey.spec.ts" time="0.011">
<failure message="user-journey.spec.ts:133:3 complete company management workflow" type="FAILURE">
<![CDATA[  [chromium] › user-journey.spec.ts:133:3 › Empowr CRM - User Journey Tests › complete company management workflow 

    Error: browserType.launch: Executable doesn't exist at C:\Users\tower\AppData\Local\ms-playwright\chromium-1194\chrome-win\chrome.exe
    ╔═════════════════════════════════════════════════════════════════════════╗
    ║ Looks like Playwright Test or Playwright was just installed or updated. ║
    ║ Please run the following command to download new browsers:              ║
    ║                                                                         ║
    ║     npx playwright install                                              ║
    ║                                                                         ║
    ║ <3 Playwright Team                                                      ║
    ╚═════════════════════════════════════════════════════════════════════════╝
]]>
</failure>
</testcase>
<testcase name="Empowr CRM - User Journey Tests › complete job management workflow" classname="user-journey.spec.ts" time="0.011">
<failure message="user-journey.spec.ts:156:3 complete job management workflow" type="FAILURE">
<![CDATA[  [chromium] › user-journey.spec.ts:156:3 › Empowr CRM - User Journey Tests › complete job management workflow 

    Error: browserType.launch: Executable doesn't exist at C:\Users\tower\AppData\Local\ms-playwright\chromium-1194\chrome-win\chrome.exe
    ╔═════════════════════════════════════════════════════════════════════════╗
    ║ Looks like Playwright Test or Playwright was just installed or updated. ║
[...]
<![CDATA[  [Mobile Safari] › authorization.spec.ts:419:5 › Authorization E2E Tests › Viewer Role Tests › should not have assignment controls 

    Error: browserType.launch: Executable doesn't exist at C:\Users\tower\AppData\Local\ms-playwright\webkit-2215\Playwright.exe
    ╔═════════════════════════════════════════════════════════════════════════╗
    ║ Looks like Playwright Test or Playwright was just installed or updated. ║
    ║ Please run the following command to download new browsers:              ║
    ║                                                                         ║
    ║     npx playwright install                                              ║
    ║                                                                         ║
    ║ <3 Playwright Team                                                      ║
    ╚═════════════════════════════════════════════════════════════════════════╝
]]>
</failure>
</testcase>
<testcase name="Authorization E2E Tests › Viewer Role Tests › should not have access to user management" classname="authorization.spec.ts" time="0.012">
<failure message="authorization.spec.ts:439:5 should not have access to user management" type="FAILURE">
<![CDATA[  [Mobile Safari] › authorization.spec.ts:439:5 › Authorization E2E Tests › Viewer Role Tests › should not have access to user management 

    Error: browserType.launch: Executable doesn't exist at C:\Users\tower\AppData\Local\ms-playwright\webkit-2215\Playwright.exe
    ╔═════════════════════════════════════════════════════════════════════════╗
    ║ Looks like Playwright Test or Playwright was just installed or updated. ║
    ║ Please run the following command to download new browsers:              ║
    ║                                                                         ║
    ║     npx playwright install                                              ║
    ║                                                                         ║
    ║ <3 Playwright Team                                                      ║
    ╚═════════════════════════════════════════════════════════════════════════╝
]]>
</failure>
</testcase>
<testcase name="Authorization E2E Tests › Cross-Role Authorization Tests › should prevent unauthorized data access" classname="authorization.spec.ts" time="0.013">
<failure message="authorization.spec.ts:448:5 should prevent unauthorized data access" type="FAILURE">
<![CDATA[  [Mobile Safari] › authorization.spec.ts:448:5 › Authorization E2E Tests › Cross-Role Authorization Tests › should prevent unauthorized data access 

    Error: browserType.launch: Executable doesn't exist at C:\Users\tower\AppData\Local\ms-playwright\webkit-2215\Playwright.exe
    ╔═════════════════════════════════════════════════════════════════════════╗
    ║ Looks like Playwright Test or Playwright was just installed or updated. ║
    ║ Please run the following command to download new browsers:              ║
    ║                                                                         ║
    ║     npx playwright install                                              ║
    ║                                                                         ║
    ║ <3 Playwright Team                                                      ║
    ╚═════════════════════════════════════════════════════════════════════════╝
]]>
</failure>
</testcase>
<testcase name="Authorization E2E Tests › Cross-Role Authorization Tests › should prevent unauthorized assignment operations" classname="authorization.spec.ts" time="0.013">
<failure message="authorization.spec.ts:460:5 should prevent unauthorized assignment operations" type="FAILURE">
<![CDATA[  [Mobile Safari] › authorization.spec.ts:460:5 › Authorization E2E Tests › Cross-Role Authorization Tests › should prevent unauthorized assignment operations 

    Error: browserType.launch: Executable doesn't exist at C:\Users\tower\AppData\Local\ms-playwright\webkit-2215\Playwright.exe
    ╔═════════════════════════════════════════════════════════════════════════╗
    ║ Looks like Playwright Test or Playwright was just installed or updated. ║
    ║ Please run the following command to download new browsers:              ║
    ║                                                                         ║
    ║     npx playwright install                                              ║
    ║                                                                         ║
    ║ <3 Playwright Team                                                      ║
    ╚═════════════════════════════════════════════════════════════════════════╝
]]>
</failure>
</testcase>
<testcase name="Authorization E2E Tests › Cross-Role Authorization Tests › should handle role changes during session" classname="authorization.spec.ts" time="0.012">
<failure message="authorization.spec.ts:488:5 should handle role changes during session" type="FAILURE">
<![CDATA[  [Mobile Safari] › authorization.spec.ts:488:5 › Authorization E2E Tests › Cross-Role Authorization Tests › should handle role changes during session 

    Error: browserType.launch: Executable doesn't exist at C:\Users\tower\AppData\Local\ms-playwright\webkit-2215\Playwright.exe
    ╔═════════════════════════════════════════════════════════════════════════╗
    ║ Looks like Playwright Test or Playwright was just installed or updated. ║
    ║ Please run the following command to download new browsers:              ║
    ║                                                                         ║
    ║     npx playwright install                                              ║
    ║                                                                         ║
    ║ <3 Playwright Team                                                      ║
    ╚═════════════════════════════════════════════════════════════════════════╝
]]>
</failure>
</testcase>
<testcase name="Authorization E2E Tests › Edge Cases › should handle deleted user assignments gracefully" classname="authorization.spec.ts" time="0.01">
<failure message="authorization.spec.ts:514:5 should handle deleted user assignments gracefully" type="FAILURE">
<![CDATA[  [Mobile Safari] › authorization.spec.ts:514:5 › Authorization E2E Tests › Edge Cases › should handle deleted user assignments gracefully 

    Error: browserType.launch: Executable doesn't exist at C:\Users\tower\AppData\Local\ms-playwright\webkit-2215\Playwright.exe
    ╔═════════════════════════════════════════════════════════════════════════╗
    ║ Looks like Playwright Test or Playwright was just installed or updated. ║
    ║ Please run the following command to download new browsers:              ║
    ║                                                                         ║
    ║     npx playwright install                                              ║
    ║                                                                         ║
    ║ <3 Playwright Team                                                      ║
    ╚═════════════════════════════════════════════════════════════════════════╝
]]>
</failure>
</testcase>
<testcase name="Authorization E2E Tests › Edge Cases › should handle concurrent assignment attempts" classname="authorization.spec.ts" time="0.01">
<failure message="authorization.spec.ts:533:5 should handle concurrent assignment attempts" type="FAILURE">
<![CDATA[  [Mobile Safari] › authorization.spec.ts:533:5 › Authorization E2E Tests › Edge Cases › should handle concurrent assignment attempts 

    Error: browserType.launch: Executable doesn't exist at C:\Users\tower\AppData\Local\ms-playwright\webkit-2215\Playwright.exe
    ╔═════════════════════════════════════════════════════════════════════════╗
    ║ Looks like Playwright Test or Playwright was just installed or updated. ║
    ║ Please run the following command to download new browsers:              ║
    ║                                                                         ║
    ║     npx playwright install                                              ║
    ║                                                                         ║
    ║ <3 Playwright Team                                                      ║
    ╚═════════════════════════════════════════════════════════════════════════╝
]]>
</failure>
</testcase>
<testcase name="Authorization E2E Tests › Edge Cases › should handle session expiration gracefully" classname="authorization.spec.ts" time="0.01">
<failure message="authorization.spec.ts:571:5 should handle session expiration gracefully" type="FAILURE">
<![CDATA[  [Mobile Safari] › authorization.spec.ts:571:5 › Authorization E2E Tests › Edge Cases › should handle session expiration gracefully 

    Error: browserType.launch: Executable doesn't exist at C:\Users\tower\AppData\Local\ms-playwright\webkit-2215\Playwright.exe
    ╔═════════════════════════════════════════════════════════════════════════╗
    ║ Looks like Playwright Test or Playwright was just installed or updated. ║
    ║ Please run the following command to download new browsers:              ║
    ║                                                                         ║
    ║     npx playwright install                                              ║
    ║                                                                         ║
    ║ <3 Playwright Team                                                      ║
    ╚═════════════════════════════════════════════════════════════════════════╝
]]>
</failure>
</testcase>
</testsuite>
<testsuite name="user-journey.spec.ts" timestamp="2025-10-07T10:54:42.270Z" hostname="Mobile Safari" tests="9" failures="9" skipped="0" time="0.091" errors="0">
<testcase name="Empowr CRM - User Journey Tests › complete lead management workflow" classname="user-journey.spec.ts" time="0.011">
<failure message="user-journey.spec.ts:101:3 complete lead management workflow" type="FAILURE">
<![CDATA[  [Mobile Safari] › user-journey.spec.ts:101:3 › Empowr CRM - User Journey Tests › complete lead management workflow 

    Error: browserType.launch: Executable doesn't exist at C:\Users\tower\AppData\Local\ms-playwright\webkit-2215\Playwright.exe
    ╔═════════════════════════════════════════════════════════════════════════╗
    ║ Looks like Playwright Test or Playwright was just installed or updated. ║
    ║ Please run the following command to download new browsers:              ║
    ║                                                                         ║
    ║     npx playwright install                                              ║
    ║                                                                         ║
    ║ <3 Playwright Team                                                      ║
    ╚═════════════════════════════════════════════════════════════════════════╝
]]>
</failure>
</testcase>
<testcase name="Empowr CRM - User Journey Tests › complete company management workflow" classname="user-journey.spec.ts" time="0.012">
<failure message="user-journey.spec.ts:133:3 complete company management workflow" type="FAILURE">
<![CDATA[  [Mobile Safari] › user-journey.spec.ts:133:3 › Empowr CRM - User Journey Tests › complete company management workflow 

    Error: browserType.launch: Executable doesn't exist at C:\Users\tower\AppData\Local\ms-playwright\webkit-2215\Playwright.exe
    ╔═════════════════════════════════════════════════════════════════════════╗
    ║ Looks like Playwright Test or Playwright was just installed or updated. ║
    ║ Please run the following command to download new browsers:              ║
    ║                                                                         ║
    ║     npx playwright install                                              ║
    ║                                                                         ║
    ║ <3 Playwright Team                                                      ║
    ╚═════════════════════════════════════════════════════════════════════════╝
]]>
</failure>
</testcase>
<testcase name="Empowr CRM - User Journey Tests › complete job management workflow" classname="user-journey.spec.ts" time="0.012">
<failure message="user-journey.spec.ts:156:3 complete job management workflow" type="FAILURE">
<![CDATA[  [Mobile Safari] › user-journey.spec.ts:156:3 › Empowr CRM - User Journey Tests › complete job management workflow 

    Error: browserType.launch: Executable doesn't exist at C:\Users\tower\AppData\Local\ms-playwright\webkit-2215\Playwright.exe
    ╔═════════════════════════════════════════════════════════════════════════╗
    ║ Looks like Playwright Test or Playwright was just installed or updated. ║
    ║ Please run the following command to download new browsers:              ║
    ║                                                                         ║
    ║     npx playwright install                                              ║
    ║                                                                         ║
    ║ <3 Playwright Team                                                      ║
    ╚═════════════════════════════════════════════════════════════════════════╝
]]>
</failure>
</testcase>
<testcase name="Empowr CRM - User Journey Tests › navigation between all pages" classname="user-journey.spec.ts" time="0.009">
<failure message="user-journey.spec.ts:179:3 navigation between all pages" type="FAILURE">
<![CDATA[  [Mobile Safari] › user-journey.spec.ts:179:3 › Empowr CRM - User Journey Tests › navigation between all pages 

    Error: browserType.launch: Executable doesn't exist at C:\Users\tower\AppData\Local\ms-playwright\webkit-2215\Playwright.exe
    ╔═════════════════════════════════════════════════════════════════════════╗
    ║ Looks like Playwright Test or Playwright was just installed or updated. ║
    ║ Please run the following command to download new browsers:              ║
    ║                                                                         ║
    ║     npx playwright install                                              ║
    ║                                                                         ║
    ║ <3 Playwright Team                                                      ║
    ╚═════════════════════════════════════════════════════════════════════════╝
]]>
</failure>
</testcase>
<testcase name="Empowr CRM - User Journey Tests › search functionality across pages" classname="user-journey.spec.ts" time="0.012">
<failure message="user-journey.spec.ts:200:3 search functionality across pages" type="FAILURE">
<![CDATA[  [Mobile Safari] › user-journey.spec.ts:200:3 › Empowr CRM - User Journey Tests › search functionality across pages 

    Error: browserType.launch: Executable doesn't exist at C:\Users\tower\AppData\Local\ms-playwright\webkit-2215\Playwright.exe
    ╔═════════════════════════════════════════════════════════════════════════╗
    ║ Looks like Playwright Test or Playwright was just installed or updated. ║
    ║ Please run the following command to download new browsers:              ║
    ║                                                                         ║
    ║     npx playwright install                                              ║
    ║                                                                         ║
    ║ <3 Playwright Team                                                      ║
    ╚═════════════════════════════════════════════════════════════════════════╝
]]>
</failure>
</testcase>
<testcase name="Empowr CRM - User Journey Tests › filtering and sorting functionality" classname="user-journey.spec.ts" time="0.012">
<failure message="user-journey.spec.ts:216:3 filtering and sorting functionality" type="FAILURE">
<![CDATA[  [Mobile Safari] › user-journey.spec.ts:216:3 › Empowr CRM - User Journey Tests › filtering and sorting functionality 

    Error: browserType.launch: Executable doesn't exist at C:\Users\tower\AppData\Local\ms-playwright\webkit-2215\Playwright.exe
    ╔═════════════════════════════════════════════════════════════════════════╗
    ║ Looks like Playwright Test or Playwright was just installed or updated. ║
    ║ Please run the following command to download new browsers:              ║
    ║                                                                         ║
    ║     npx playwright install                                              ║
    ║                                                                         ║
    ║ <3 Playwright Team                                                      ║
    ╚═════════════════════════════════════════════════════════════════════════╝
]]>
</failure>
</testcase>
<testcase name="Empowr CRM - User Journey Tests › responsive navigation on mobile" classname="user-journey.spec.ts" time="0.009">
<failure message="user-journey.spec.ts:233:3 responsive navigation on mobile" type="FAILURE">
<![CDATA[  [Mobile Safari] › user-journey.spec.ts:233:3 › Empowr CRM - User Journey Tests › responsive navigation on mobile 

    Error: browserType.launch: Executable doesn't exist at C:\Users\tower\AppData\Local\ms-playwright\webkit-2215\Playwright.exe
    ╔═════════════════════════════════════════════════════════════════════════╗
    ║ Looks like Playwright Test or Playwright was just installed or updated. ║
    ║ Please run the following command to download new browsers:              ║
    ║                                                                         ║
    ║     npx playwright install                                              ║
    ║                                                                         ║
    ║ <3 Playwright Team                                                      ║
    ╚═════════════════════════════════════════════════════════════════════════╝
]]>
</failure>
</testcase>
<testcase name="Empowr CRM - User Journey Tests › accessibility features" classname="user-journey.spec.ts" time="0.008">
<failure message="user-journey.spec.ts:250:3 accessibility features" type="FAILURE">
<![CDATA[  [Mobile Safari] › user-journey.spec.ts:250:3 › Empowr CRM - User Journey Tests › accessibility features 

    Error: browserType.launch: Executable doesn't exist at C:\Users\tower\AppData\Local\ms-playwright\webkit-2215\Playwright.exe
    ╔═════════════════════════════════════════════════════════════════════════╗
    ║ Looks like Playwright Test or Playwright was just installed or updated. ║
    ║ Please run the following command to download new browsers:              ║
    ║                                                                         ║
    ║     npx playwright install                                              ║
    ║                                                                         ║
    ║ <3 Playwright Team                                                      ║
    ╚═════════════════════════════════════════════════════════════════════════╝
]]>
</failure>
</testcase>
<testcase name="Empowr CRM - User Journey Tests › error recovery workflow" classname="user-journey.spec.ts" time="0.006">
<failure message="user-journey.spec.ts:275:3 error recovery workflow" type="FAILURE">
<![CDATA[  [Mobile Safari] › user-journey.spec.ts:275:3 › Empowr CRM - User Journey Tests › error recovery workflow 

    Error: browserType.launch: Executable doesn't exist at C:\Users\tower\AppData\Local\ms-playwright\webkit-2215\Playwright.exe
    ╔═════════════════════════════════════════════════════════════════════════╗
    ║ Looks like Playwright Test or Playwright was just installed or updated. ║
    ║ Please run the following command to download new browsers:              ║
    ║                                                                         ║
    ║     npx playwright install                                              ║
    ║                                                                         ║
    ║ <3 Playwright Team                                                      ║
    ╚═════════════════════════════════════════════════════════════════════════╝
]]>
</failure>
</testcase>
</testsuite>
</testsuites>