<testsuites id="" name="" tests="365" failures="321" skipped="0" errors="0" time="763.130623">
<testsuite name="assignment-workflows.spec.ts" timestamp="2025-10-01T05:34:28.657Z" hostname="chromium" tests="18" failures="18" skipped="0" time="72.843" errors="0">
<testcase name="User Assignment E2E Tests › Single Lead Assignment › should assign a lead to a user" classname="assignment-workflows.spec.ts" time="4.542">
<failure message="assignment-workflows.spec.ts:84:5 should assign a lead to a user" type="FAILURE">
<![CDATA[  [chromium] › assignment-workflows.spec.ts:84:5 › User Assignment E2E Tests › Single Lead Assignment › should assign a lead to a user 

    Error: page.goto: net::ERR_CONNECTION_REFUSED at http://localhost:3000/login
    Call log:
      - navigating to "http://localhost:3000/login", waiting until "load"


      27 | // Helper functions
      28 | async function loginAsAdmin(page: Page) {
    > 29 |   await page.goto(`${BASE_URL}/login`);
         |              ^
      30 |   await page.fill('[data-testid="email-input"]', TEST_EMAIL);
      31 |   await page.fill('[data-testid="password-input"]', TEST_PASSWORD);
      32 |   await page.click('[data-testid="login-button"]');
        at loginAsAdmin (C:\Users\tower\OneDrive\Documents\4Twenty\empowr-crm-main\e2e\assignment-workflows.spec.ts:29:14)
        at C:\Users\tower\OneDrive\Documents\4Twenty\empowr-crm-main\e2e\assignment-workflows.spec.ts:77:11

    attachment #1: screenshot (image/png) ──────────────────────────────────────────────────────────
    ..\test-results\assignment-workflows-User--6bbed-uld-assign-a-lead-to-a-user-chromium\test-failed-1.png
    ────────────────────────────────────────────────────────────────────────────────────────────────

    attachment #2: video (video/webm) ──────────────────────────────────────────────────────────────
    ..\test-results\assignment-workflows-User--6bbed-uld-assign-a-lead-to-a-user-chromium\video.webm
    ────────────────────────────────────────────────────────────────────────────────────────────────
]]>
</failure>
<system-out>
<![CDATA[
[[ATTACHMENT|assignment-workflows-User--6bbed-uld-assign-a-lead-to-a-user-chromium\test-failed-1.png]]

[[ATTACHMENT|assignment-workflows-User--6bbed-uld-assign-a-lead-to-a-user-chromium\video.webm]]
]]>
</system-out>
</testcase>
<testcase name="User Assignment E2E Tests › Single Lead Assignment › should reassign a lead to another user" classname="assignment-workflows.spec.ts" time="4.593">
<failure message="assignment-workflows.spec.ts:106:5 should reassign a lead to another user" type="FAILURE">
<![CDATA[  [chromium] › assignment-workflows.spec.ts:106:5 › User Assignment E2E Tests › Single Lead Assignment › should reassign a lead to another user 

    Error: page.goto: net::ERR_CONNECTION_REFUSED at http://localhost:3000/login
    Call log:
      - navigating to "http://localhost:3000/login", waiting until "load"


      27 | // Helper functions
      28 | async function loginAsAdmin(page: Page) {
    > 29 |   await page.goto(`${BASE_URL}/login`);
         |              ^
      30 |   await page.fill('[data-testid="email-input"]', TEST_EMAIL);
      31 |   await page.fill('[data-testid="password-input"]', TEST_PASSWORD);
      32 |   await page.click('[data-testid="login-button"]');
        at loginAsAdmin (C:\Users\tower\OneDrive\Documents\4Twenty\empowr-crm-main\e2e\assignment-workflows.spec.ts:29:14)
        at C:\Users\tower\OneDrive\Documents\4Twenty\empowr-crm-main\e2e\assignment-workflows.spec.ts:77:11

    attachment #1: screenshot (image/png) ──────────────────────────────────────────────────────────
    ..\test-results\assignment-workflows-User--e07c0-sign-a-lead-to-another-user-chromium\test-failed-1.png
    ────────────────────────────────────────────────────────────────────────────────────────────────

    attachment #2: video (video/webm) ──────────────────────────────────────────────────────────────
    ..\test-results\assignment-workflows-User--e07c0-sign-a-lead-to-another-user-chromium\video.webm
    ────────────────────────────────────────────────────────────────────────────────────────────────
]]>
</failure>
<system-out>
<![CDATA[
[[ATTACHMENT|assignment-workflows-User--e07c0-sign-a-lead-to-another-user-chromium\test-failed-1.png]]

[[ATTACHMENT|assignment-workflows-User--e07c0-sign-a-lead-to-another-user-chromium\video.webm]]
]]>
</system-out>
</testcase>
<testcase name="User Assignment E2E Tests › Single Lead Assignment › should unassign a lead" classname="assignment-workflows.spec.ts" time="4.53">
<failure message="assignment-workflows.spec.ts:130:5 should unassign a lead" type="FAILURE">
<![CDATA[  [chromium] › assignment-workflows.spec.ts:130:5 › User Assignment E2E Tests › Single Lead Assignment › should unassign a lead 

    Error: page.goto: net::ERR_CONNECTION_REFUSED at http://localhost:3000/login
    Call log:
      - navigating to "http://localhost:3000/login", waiting until "load"


      27 | // Helper functions
      28 | async function loginAsAdmin(page: Page) {
    > 29 |   await page.goto(`${BASE_URL}/login`);
         |              ^
      30 |   await page.fill('[data-testid="email-input"]', TEST_EMAIL);
      31 |   await page.fill('[data-testid="password-input"]', TEST_PASSWORD);
      32 |   await page.click('[data-testid="login-button"]');
        at loginAsAdmin (C:\Users\tower\OneDrive\Documents\4Twenty\empowr-crm-main\e2e\assignment-workflows.spec.ts:29:14)
        at C:\Users\tower\OneDrive\Documents\4Twenty\empowr-crm-main\e2e\assignment-workflows.spec.ts:77:11

    attachment #1: screenshot (image/png) ──────────────────────────────────────────────────────────
    ..\test-results\assignment-workflows-User--5b7a5-ment-should-unassign-a-lead-chromium\test-failed-1.png
    ────────────────────────────────────────────────────────────────────────────────────────────────

    attachment #2: video (video/webm) ──────────────────────────────────────────────────────────────
    ..\test-results\assignment-workflows-User--5b7a5-ment-should-unassign-a-lead-chromium\video.webm
    ────────────────────────────────────────────────────────────────────────────────────────────────
]]>
</failure>
<system-out>
<![CDATA[
[[ATTACHMENT|assignment-workflows-User--5b7a5-ment-should-unassign-a-lead-chromium\test-failed-1.png]]

[[ATTACHMENT|assignment-workflows-User--5b7a5-ment-should-unassign-a-lead-chromium\video.webm]]
]]>
</system-out>
</testcase>
<testcase name="User Assignment E2E Tests › Single Lead Assignment › should show assignment history" classname="assignment-workflows.spec.ts" time="4.432">
<failure message="assignment-workflows.spec.ts:152:5 should show assignment history" type="FAILURE">
<![CDATA[  [chromium] › assignment-workflows.spec.ts:152:5 › User Assignment E2E Tests › Single Lead Assignment › should show assignment history 

    Error: page.goto: net::ERR_CONNECTION_REFUSED at http://localhost:3000/login
    Call log:
      - navigating to "http://localhost:3000/login", waiting until "load"


      27 | // Helper functions
      28 | async function loginAsAdmin(page: Page) {
    > 29 |   await page.goto(`${BASE_URL}/login`);
         |              ^
      30 |   await page.fill('[data-testid="email-input"]', TEST_EMAIL);
      31 |   await page.fill('[data-testid="password-input"]', TEST_PASSWORD);
      32 |   await page.click('[data-testid="login-button"]');
        at loginAsAdmin (C:\Users\tower\OneDrive\Documents\4Twenty\empowr-crm-main\e2e\assignment-workflows.spec.ts:29:14)
        at C:\Users\tower\OneDrive\Documents\4Twenty\empowr-crm-main\e2e\assignment-workflows.spec.ts:77:11

    attachment #1: screenshot (image/png) ──────────────────────────────────────────────────────────
    ..\test-results\assignment-workflows-User--e9abe-uld-show-assignment-history-chromium\test-failed-1.png
    ────────────────────────────────────────────────────────────────────────────────────────────────

    attachment #2: video (video/webm) ──────────────────────────────────────────────────────────────
    ..\test-results\assignment-workflows-User--e9abe-uld-show-assignment-history-chromium\video.webm
    ────────────────────────────────────────────────────────────────────────────────────────────────
]]>
</failure>
<system-out>
<![CDATA[
[[ATTACHMENT|assignment-workflows-User--e9abe-uld-show-assignment-history-chromium\test-failed-1.png]]

[[ATTACHMENT|assignment-workflows-User--e9abe-uld-show-assignment-history-chromium\video.webm]]
]]>
</system-out>
</testcase>
<testcase name="User Assignment E2E Tests › Bulk Lead Assignment › should assign multiple leads to a user" classname="assignment-workflows.spec.ts" time="4.597">
<failure message="assignment-workflows.spec.ts:187:5 should assign multiple leads to a user" type="FAILURE">
<![CDATA[  [chromium] › assignment-workflows.spec.ts:187:5 › User Assignment E2E Tests › Bulk Lead Assignment › should assign multiple leads to a user 

    Error: page.goto: net::ERR_CONNECTION_REFUSED at http://localhost:3000/login
    Call log:
      - navigating to "http://localhost:3000/login", waiting until "load"


      27 | // Helper functions
      28 | async function loginAsAdmin(page: Page) {
    > 29 |   await page.goto(`${BASE_URL}/login`);
         |              ^
      30 |   await page.fill('[data-testid="email-input"]', TEST_EMAIL);
      31 |   await page.fill('[data-testid="password-input"]', TEST_PASSWORD);
      32 |   await page.click('[data-testid="login-button"]');
        at loginAsAdmin (C:\Users\tower\OneDrive\Documents\4Twenty\empowr-crm-main\e2e\assignment-workflows.spec.ts:29:14)
        at C:\Users\tower\OneDrive\Documents\4Twenty\empowr-crm-main\e2e\assignment-workflows.spec.ts:77:11

    attachment #1: screenshot (image/png) ──────────────────────────────────────────────────────────
    ..\test-results\assignment-workflows-User--28c3d-gn-multiple-leads-to-a-user-chromium\test-failed-1.png
    ────────────────────────────────────────────────────────────────────────────────────────────────

    attachment #2: video (video/webm) ──────────────────────────────────────────────────────────────
    ..\test-results\assignment-workflows-User--28c3d-gn-multiple-leads-to-a-user-chromium\video.webm
    ────────────────────────────────────────────────────────────────────────────────────────────────
]]>
</failure>
<system-out>
<![CDATA[
[[ATTACHMENT|assignment-workflows-User--28c3d-gn-multiple-leads-to-a-user-chromium\test-failed-1.png]]

[[ATTACHMENT|assignment-workflows-User--28c3d-gn-multiple-leads-to-a-user-chromium\video.webm]]
]]>
</system-out>
</testcase>
<testcase name="User Assignment E2E Tests › Bulk Lead Assignment › should handle partial bulk assignment failure" classname="assignment-workflows.spec.ts" time="4.51">
<failure message="assignment-workflows.spec.ts:219:5 should handle partial bulk assignment failure" type="FAILURE">
<![CDATA[  [chromium] › assignment-workflows.spec.ts:219:5 › User Assignment E2E Tests › Bulk Lead Assignment › should handle partial bulk assignment failure 

    Error: page.goto: net::ERR_CONNECTION_REFUSED at http://localhost:3000/login
    Call log:
      - navigating to "http://localhost:3000/login", waiting until "load"


      27 | // Helper functions
      28 | async function loginAsAdmin(page: Page) {
    > 29 |   await page.goto(`${BASE_URL}/login`);
         |              ^
      30 |   await page.fill('[data-testid="email-input"]', TEST_EMAIL);
      31 |   await page.fill('[data-testid="password-input"]', TEST_PASSWORD);
      32 |   await page.click('[data-testid="login-button"]');
        at loginAsAdmin (C:\Users\tower\OneDrive\Documents\4Twenty\empowr-crm-main\e2e\assignment-workflows.spec.ts:29:14)
        at C:\Users\tower\OneDrive\Documents\4Twenty\empowr-crm-main\e2e\assignment-workflows.spec.ts:77:11

    attachment #1: screenshot (image/png) ──────────────────────────────────────────────────────────
    ..\test-results\assignment-workflows-User--ef8f2-ial-bulk-assignment-failure-chromium\test-failed-1.png
    ────────────────────────────────────────────────────────────────────────────────────────────────

    attachment #2: video (video/webm) ──────────────────────────────────────────────────────────────
    ..\test-results\assignment-workflows-User--ef8f2-ial-bulk-assignment-failure-chromium\video.webm
    ────────────────────────────────────────────────────────────────────────────────────────────────
]]>
</failure>
<system-out>
<![CDATA[
[[ATTACHMENT|assignment-workflows-User--ef8f2-ial-bulk-assignment-failure-chromium\test-failed-1.png]]

[[ATTACHMENT|assignment-workflows-User--ef8f2-ial-bulk-assignment-failure-chromium\video.webm]]
]]>
</system-out>
</testcase>
<testcase name="User Assignment E2E Tests › Bulk Lead Assignment › should show progress indicator during bulk assignment" classname="assignment-workflows.spec.ts" time="4.4">
<failure message="assignment-workflows.spec.ts:250:5 should show progress indicator during bulk assignment" type="FAILURE">
<![CDATA[  [chromium] › assignment-workflows.spec.ts:250:5 › User Assignment E2E Tests › Bulk Lead Assignment › should show progress indicator during bulk assignment 

    Error: page.goto: net::ERR_CONNECTION_REFUSED at http://localhost:3000/login
    Call log:
      - navigating to "http://localhost:3000/login", waiting until "load"


      27 | // Helper functions
      28 | async function loginAsAdmin(page: Page) {
    > 29 |   await page.goto(`${BASE_URL}/login`);
         |              ^
      30 |   await page.fill('[data-testid="email-input"]', TEST_EMAIL);
      31 |   await page.fill('[data-testid="password-input"]', TEST_PASSWORD);
      32 |   await page.click('[data-testid="login-button"]');
        at loginAsAdmin (C:\Users\tower\OneDrive\Documents\4Twenty\empowr-crm-main\e2e\assignment-workflows.spec.ts:29:14)
        at C:\Users\tower\OneDrive\Documents\4Twenty\empowr-crm-main\e2e\assignment-workflows.spec.ts:77:11

    attachment #1: screenshot (image/png) ──────────────────────────────────────────────────────────
    ..\test-results\assignment-workflows-User--568da-ator-during-bulk-assignment-chromium\test-failed-1.png
    ────────────────────────────────────────────────────────────────────────────────────────────────

    attachment #2: video (video/webm) ──────────────────────────────────────────────────────────────
    ..\test-results\assignment-workflows-User--568da-ator-during-bulk-assignment-chromium\video.webm
    ────────────────────────────────────────────────────────────────────────────────────────────────
]]>
</failure>
<system-out>
<![CDATA[
[[ATTACHMENT|assignment-workflows-User--568da-ator-during-bulk-assignment-chromium\test-failed-1.png]]

[[ATTACHMENT|assignment-workflows-User--568da-ator-during-bulk-assignment-chromium\video.webm]]
]]>
</system-out>
</testcase>
<testcase name="User Assignment E2E Tests › Company Assignment › should assign a company to a user" classname="assignment-workflows.spec.ts" time="4.647">
<failure message="assignment-workflows.spec.ts:278:5 should assign a company to a user" type="FAILURE">
<![CDATA[  [chromium] › assignment-workflows.spec.ts:278:5 › User Assignment E2E Tests › Company Assignment › should assign a company to a user 

    Error: page.goto: net::ERR_CONNECTION_REFUSED at http://localhost:3000/login
    Call log:
      - navigating to "http://localhost:3000/login", waiting until "load"


      27 | // Helper functions
      28 | async function loginAsAdmin(page: Page) {
    > 29 |   await page.goto(`${BASE_URL}/login`);
         |              ^
      30 |   await page.fill('[data-testid="email-input"]', TEST_EMAIL);
      31 |   await page.fill('[data-testid="password-input"]', TEST_PASSWORD);
      32 |   await page.click('[data-testid="login-button"]');
        at loginAsAdmin (C:\Users\tower\OneDrive\Documents\4Twenty\empowr-crm-main\e2e\assignment-workflows.spec.ts:29:14)
        at C:\Users\tower\OneDrive\Documents\4Twenty\empowr-crm-main\e2e\assignment-workflows.spec.ts:77:11

    attachment #1: screenshot (image/png) ──────────────────────────────────────────────────────────
    ..\test-results\assignment-workflows-User--7b4bd--assign-a-company-to-a-user-chromium\test-failed-1.png
    ────────────────────────────────────────────────────────────────────────────────────────────────

    attachment #2: video (video/webm) ──────────────────────────────────────────────────────────────
    ..\test-results\assignment-workflows-User--7b4bd--assign-a-company-to-a-user-chromium\video.webm
    ────────────────────────────────────────────────────────────────────────────────────────────────
]]>
</failure>
<system-out>
<![CDATA[
[[ATTACHMENT|assignment-workflows-User--7b4bd--assign-a-company-to-a-user-chromium\test-failed-1.png]]

[[ATTACHMENT|assignment-workflows-User--7b4bd--assign-a-company-to-a-user-chromium\video.webm]]
]]>
</system-out>
</testcase>
<testcase name="User Assignment E2E Tests › Company Assignment › should require admin permissions for company assignment" classname="assignment-workflows.spec.ts" time="3.678">
<failure message="assignment-workflows.spec.ts:300:5 should require admin permissions for company assignment" type="FAILURE">
<![CDATA[  [chromium] › assignment-workflows.spec.ts:300:5 › User Assignment E2E Tests › Company Assignment › should require admin permissions for company assignment 

    Error: page.goto: net::ERR_CONNECTION_REFUSED at http://localhost:3000/login
    Call log:
      - navigating to "http://localhost:3000/login", waiting until "load"


      27 | // Helper functions
      28 | async function loginAsAdmin(page: Page) {
    > 29 |   await page.goto(`${BASE_URL}/login`);
         |              ^
      30 |   await page.fill('[data-testid="email-input"]', TEST_EMAIL);
      31 |   await page.fill('[data-testid="password-input"]', TEST_PASSWORD);
      32 |   await page.click('[data-testid="login-button"]');
        at loginAsAdmin (C:\Users\tower\OneDrive\Documents\4Twenty\empowr-crm-main\e2e\assignment-workflows.spec.ts:29:14)
        at C:\Users\tower\OneDrive\Documents\4Twenty\empowr-crm-main\e2e\assignment-workflows.spec.ts:77:11

    attachment #1: screenshot (image/png) ──────────────────────────────────────────────────────────
    ..\test-results\assignment-workflows-User--b1f0f-ions-for-company-assignment-chromium\test-failed-1.png
    ────────────────────────────────────────────────────────────────────────────────────────────────

    attachment #2: video (video/webm) ──────────────────────────────────────────────────────────────
    ..\test-results\assignment-workflows-User--b1f0f-ions-for-company-assignment-chromium\video.webm
    ────────────────────────────────────────────────────────────────────────────────────────────────
]]>
</failure>
<system-out>
<![CDATA[
[[ATTACHMENT|assignment-workflows-User--b1f0f-ions-for-company-assignment-chromium\test-failed-1.png]]

[[ATTACHMENT|assignment-workflows-User--b1f0f-ions-for-company-assignment-chromium\video.webm]]
]]>
</system-out>
</testcase>
<testcase name="User Assignment E2E Tests › Assignment Management Panel › should display assignment statistics" classname="assignment-workflows.spec.ts" time="3.636">
<failure message="assignment-workflows.spec.ts:321:5 should display assignment statistics" type="FAILURE">
<![CDATA[  [chromium] › assignment-workflows.spec.ts:321:5 › User Assignment E2E Tests › Assignment Management Panel › should display assignment statistics 

    Error: page.goto: net::ERR_CONNECTION_REFUSED at http://localhost:3000/login
    Call log:
      - navigating to "http://localhost:3000/login", waiting until "load"


      27 | // Helper functions
      28 | async function loginAsAdmin(page: Page) {
    > 29 |   await page.goto(`${BASE_URL}/login`);
         |              ^
      30 |   await page.fill('[data-testid="email-input"]', TEST_EMAIL);
      31 |   await page.fill('[data-testid="password-input"]', TEST_PASSWORD);
      32 |   await page.click('[data-testid="login-button"]');
        at loginAsAdmin (C:\Users\tower\OneDrive\Documents\4Twenty\empowr-crm-main\e2e\assignment-workflows.spec.ts:29:14)
        at C:\Users\tower\OneDrive\Documents\4Twenty\empowr-crm-main\e2e\assignment-workflows.spec.ts:77:11

    attachment #1: screenshot (image/png) ──────────────────────────────────────────────────────────
    ..\test-results\assignment-workflows-User--feb1b-splay-assignment-statistics-chromium\test-failed-1.png
    ────────────────────────────────────────────────────────────────────────────────────────────────

    attachment #2: video (video/webm) ──────────────────────────────────────────────────────────────
    ..\test-results\assignment-workflows-User--feb1b-splay-assignment-statistics-chromium\video.webm
    ────────────────────────────────────────────────────────────────────────────────────────────────
]]>
</failure>
<system-out>
<![CDATA[
[[ATTACHMENT|assignment-workflows-User--feb1b-splay-assignment-statistics-chromium\test-failed-1.png]]

[[ATTACHMENT|assignment-workflows-User--feb1b-splay-assignment-statistics-chromium\video.webm]]
]]>
</system-out>
</testcase>
<testcase name="User Assignment E2E Tests › Assignment Management Panel › should display assignments by user table" classname="assignment-workflows.spec.ts" time="3.821">
<failure message="assignment-workflows.spec.ts:335:5 should display assignments by user table" type="FAILURE">
<![CDATA[  [chromium] › assignment-workflows.spec.ts:335:5 › User Assignment E2E Tests › Assignment Management Panel › should display assignments by user table 

    Error: page.goto: net::ERR_CONNECTION_REFUSED at http://localhost:3000/login
    Call log:
      - navigating to "http://localhost:3000/login", waiting until "load"


      27 | // Helper functions
      28 | async function loginAsAdmin(page: Page) {
    > 29 |   await page.goto(`${BASE_URL}/login`);
         |              ^
      30 |   await page.fill('[data-testid="email-input"]', TEST_EMAIL);
      31 |   await page.fill('[data-testid="password-input"]', TEST_PASSWORD);
      32 |   await page.click('[data-testid="login-button"]');
        at loginAsAdmin (C:\Users\tower\OneDrive\Documents\4Twenty\empowr-crm-main\e2e\assignment-workflows.spec.ts:29:14)
        at C:\Users\tower\OneDrive\Documents\4Twenty\empowr-crm-main\e2e\assignment-workflows.spec.ts:77:11

    attachment #1: screenshot (image/png) ──────────────────────────────────────────────────────────
    ..\test-results\assignment-workflows-User--5191e-y-assignments-by-user-table-chromium\test-failed-1.png
    ────────────────────────────────────────────────────────────────────────────────────────────────

    attachment #2: video (video/webm) ──────────────────────────────────────────────────────────────
    ..\test-results\assignment-workflows-User--5191e-y-assignments-by-user-table-chromium\video.webm
    ────────────────────────────────────────────────────────────────────────────────────────────────
]]>
</failure>
<system-out>
<![CDATA[
[[ATTACHMENT|assignment-workflows-User--5191e-y-assignments-by-user-table-chromium\test-failed-1.png]]

[[ATTACHMENT|assignment-workflows-User--5191e-y-assignments-by-user-table-chromium\video.webm]]
]]>
</system-out>
</testcase>
<testcase name="User Assignment E2E Tests › Assignment Management Panel › should reassign user records" classname="assignment-workflows.spec.ts" time="3.718">
<failure message="assignment-workflows.spec.ts:349:5 should reassign user records" type="FAILURE">
<![CDATA[  [chromium] › assignment-workflows.spec.ts:349:5 › User Assignment E2E Tests › Assignment Management Panel › should reassign user records 

    Error: page.goto: net::ERR_CONNECTION_REFUSED at http://localhost:3000/login
    Call log:
      - navigating to "http://localhost:3000/login", waiting until "load"


      27 | // Helper functions
      28 | async function loginAsAdmin(page: Page) {
    > 29 |   await page.goto(`${BASE_URL}/login`);
         |              ^
      30 |   await page.fill('[data-testid="email-input"]', TEST_EMAIL);
      31 |   await page.fill('[data-testid="password-input"]', TEST_PASSWORD);
      32 |   await page.click('[data-testid="login-button"]');
        at loginAsAdmin (C:\Users\tower\OneDrive\Documents\4Twenty\empowr-crm-main\e2e\assignment-workflows.spec.ts:29:14)
        at C:\Users\tower\OneDrive\Documents\4Twenty\empowr-crm-main\e2e\assignment-workflows.spec.ts:77:11

    attachment #1: screenshot (image/png) ──────────────────────────────────────────────────────────
    ..\test-results\assignment-workflows-User--21697-hould-reassign-user-records-chromium\test-failed-1.png
    ────────────────────────────────────────────────────────────────────────────────────────────────

    attachment #2: video (video/webm) ──────────────────────────────────────────────────────────────
    ..\test-results\assignment-workflows-User--21697-hould-reassign-user-records-chromium\video.webm
    ────────────────────────────────────────────────────────────────────────────────────────────────
]]>
</failure>
<system-out>
<![CDATA[
[[ATTACHMENT|assignment-workflows-User--21697-hould-reassign-user-records-chromium\test-failed-1.png]]

[[ATTACHMENT|assignment-workflows-User--21697-hould-reassign-user-records-chromium\video.webm]]
]]>
</system-out>
</testcase>
<testcase name="User Assignment E2E Tests › Assignment Management Panel › should refresh assignment data" classname="assignment-workflows.spec.ts" time="3.849">
<failure message="assignment-workflows.spec.ts:382:5 should refresh assignment data" type="FAILURE">
<![CDATA[  [chromium] › assignment-workflows.spec.ts:382:5 › User Assignment E2E Tests › Assignment Management Panel › should refresh assignment data 

    Error: page.goto: net::ERR_CONNECTION_REFUSED at http://localhost:3000/login
    Call log:
      - navigating to "http://localhost:3000/login", waiting until "load"


      27 | // Helper functions
      28 | async function loginAsAdmin(page: Page) {
    > 29 |   await page.goto(`${BASE_URL}/login`);
         |              ^
      30 |   await page.fill('[data-testid="email-input"]', TEST_EMAIL);
      31 |   await page.fill('[data-testid="password-input"]', TEST_PASSWORD);
      32 |   await page.click('[data-testid="login-button"]');
        at loginAsAdmin (C:\Users\tower\OneDrive\Documents\4Twenty\empowr-crm-main\e2e\assignment-workflows.spec.ts:29:14)
        at C:\Users\tower\OneDrive\Documents\4Twenty\empowr-crm-main\e2e\assignment-workflows.spec.ts:77:11

    attachment #1: screenshot (image/png) ──────────────────────────────────────────────────────────
    ..\test-results\assignment-workflows-User--10fb8-uld-refresh-assignment-data-chromium\test-failed-1.png
    ────────────────────────────────────────────────────────────────────────────────────────────────

    attachment #2: video (video/webm) ──────────────────────────────────────────────────────────────
    ..\test-results\assignment-workflows-User--10fb8-uld-refresh-assignment-data-chromium\video.webm
    ────────────────────────────────────────────────────────────────────────────────────────────────
]]>
</failure>
<system-out>
<![CDATA[
[[ATTACHMENT|assignment-workflows-User--10fb8-uld-refresh-assignment-data-chromium\test-failed-1.png]]

[[ATTACHMENT|assignment-workflows-User--10fb8-uld-refresh-assignment-data-chromium\video.webm]]
]]>
</system-out>
</testcase>
<testcase name="User Assignment E2E Tests › Assignment Management Panel › should show permission denied for non-admin users" classname="assignment-workflows.spec.ts" time="3.885">
<failure message="assignment-workflows.spec.ts:406:5 should show permission denied for non-admin users" type="FAILURE">
<![CDATA[  [chromium] › assignment-workflows.spec.ts:406:5 › User Assignment E2E Tests › Assignment Management Panel › should show permission denied for non-admin users 

    Error: page.goto: net::ERR_CONNECTION_REFUSED at http://localhost:3000/login
    Call log:
      - navigating to "http://localhost:3000/login", waiting until "load"


      27 | // Helper functions
      28 | async function loginAsAdmin(page: Page) {
    > 29 |   await page.goto(`${BASE_URL}/login`);
         |              ^
      30 |   await page.fill('[data-testid="email-input"]', TEST_EMAIL);
      31 |   await page.fill('[data-testid="password-input"]', TEST_PASSWORD);
      32 |   await page.click('[data-testid="login-button"]');
        at loginAsAdmin (C:\Users\tower\OneDrive\Documents\4Twenty\empowr-crm-main\e2e\assignment-workflows.spec.ts:29:14)
        at C:\Users\tower\OneDrive\Documents\4Twenty\empowr-crm-main\e2e\assignment-workflows.spec.ts:77:11

    attachment #1: screenshot (image/png) ──────────────────────────────────────────────────────────
    ..\test-results\assignment-workflows-User--15fca--denied-for-non-admin-users-chromium\test-failed-1.png
    ────────────────────────────────────────────────────────────────────────────────────────────────

    attachment #2: video (video/webm) ──────────────────────────────────────────────────────────────
    ..\test-results\assignment-workflows-User--15fca--denied-for-non-admin-users-chromium\video.webm
    ────────────────────────────────────────────────────────────────────────────────────────────────
]]>
</failure>
<system-out>
<![CDATA[
[[ATTACHMENT|assignment-workflows-User--15fca--denied-for-non-admin-users-chromium\test-failed-1.png]]

[[ATTACHMENT|assignment-workflows-User--15fca--denied-for-non-admin-users-chromium\video.webm]]
]]>
</system-out>
</testcase>
<testcase name="User Assignment E2E Tests › Assignment Workflow Integration › should complete full assignment workflow" classname="assignment-workflows.spec.ts" time="3.928">
<failure message="assignment-workflows.spec.ts:423:5 should complete full assignment workflow" type="FAILURE">
<![CDATA[  [chromium] › assignment-workflows.spec.ts:423:5 › User Assignment E2E Tests › Assignment Workflow Integration › should complete full assignment workflow 

    Error: page.goto: net::ERR_CONNECTION_REFUSED at http://localhost:3000/login
    Call log:
      - navigating to "http://localhost:3000/login", waiting until "load"


      27 | // Helper functions
      28 | async function loginAsAdmin(page: Page) {
    > 29 |   await page.goto(`${BASE_URL}/login`);
         |              ^
      30 |   await page.fill('[data-testid="email-input"]', TEST_EMAIL);
      31 |   await page.fill('[data-testid="password-input"]', TEST_PASSWORD);
      32 |   await page.click('[data-testid="login-button"]');
        at loginAsAdmin (C:\Users\tower\OneDrive\Documents\4Twenty\empowr-crm-main\e2e\assignment-workflows.spec.ts:29:14)
        at C:\Users\tower\OneDrive\Documents\4Twenty\empowr-crm-main\e2e\assignment-workflows.spec.ts:77:11

    attachment #1: screenshot (image/png) ──────────────────────────────────────────────────────────
    ..\test-results\assignment-workflows-User--a4f3c-te-full-assignment-workflow-chromium\test-failed-1.png
    ────────────────────────────────────────────────────────────────────────────────────────────────

    attachment #2: video (video/webm) ──────────────────────────────────────────────────────────────
    ..\test-results\assignment-workflows-User--a4f3c-te-full-assignment-workflow-chromium\video.webm
    ────────────────────────────────────────────────────────────────────────────────────────────────
]]>
</failure>
<system-out>
<![CDATA[
[[ATTACHMENT|assignment-workflows-User--a4f3c-te-full-assignment-workflow-chromium\test-failed-1.png]]

[[ATTACHMENT|assignment-workflows-User--a4f3c-te-full-assignment-workflow-chromium\video.webm]]
]]>
</system-out>
</testcase>
<testcase name="User Assignment E2E Tests › Assignment Workflow Integration › should handle concurrent assignment attempts" classname="assignment-workflows.spec.ts" time="3.64">
<failure message="assignment-workflows.spec.ts:478:5 should handle concurrent assignment attempts" type="FAILURE">
<![CDATA[  [chromium] › assignment-workflows.spec.ts:478:5 › User Assignment E2E Tests › Assignment Workflow Integration › should handle concurrent assignment attempts 

    Error: page.goto: net::ERR_CONNECTION_REFUSED at http://localhost:3000/login
    Call log:
      - navigating to "http://localhost:3000/login", waiting until "load"


      27 | // Helper functions
      28 | async function loginAsAdmin(page: Page) {
    > 29 |   await page.goto(`${BASE_URL}/login`);
         |              ^
      30 |   await page.fill('[data-testid="email-input"]', TEST_EMAIL);
      31 |   await page.fill('[data-testid="password-input"]', TEST_PASSWORD);
      32 |   await page.click('[data-testid="login-button"]');
        at loginAsAdmin (C:\Users\tower\OneDrive\Documents\4Twenty\empowr-crm-main\e2e\assignment-workflows.spec.ts:29:14)
        at C:\Users\tower\OneDrive\Documents\4Twenty\empowr-crm-main\e2e\assignment-workflows.spec.ts:77:11

    attachment #1: screenshot (image/png) ──────────────────────────────────────────────────────────
    ..\test-results\assignment-workflows-User--ecf4e-current-assignment-attempts-chromium\test-failed-1.png
    ────────────────────────────────────────────────────────────────────────────────────────────────

    attachment #2: video (video/webm) ──────────────────────────────────────────────────────────────
    ..\test-results\assignment-workflows-User--ecf4e-current-assignment-attempts-chromium\video.webm
    ────────────────────────────────────────────────────────────────────────────────────────────────
]]>
</failure>
<system-out>
<![CDATA[
[[ATTACHMENT|assignment-workflows-User--ecf4e-current-assignment-attempts-chromium\test-failed-1.png]]

[[ATTACHMENT|assignment-workflows-User--ecf4e-current-assignment-attempts-chromium\video.webm]]
]]>
</system-out>
</testcase>
<testcase name="User Assignment E2E Tests › Mobile Assignment Workflow › should work on mobile devices" classname="assignment-workflows.spec.ts" time="3.239">
<failure message="assignment-workflows.spec.ts:529:5 should work on mobile devices" type="FAILURE">
<![CDATA[  [chromium] › assignment-workflows.spec.ts:529:5 › User Assignment E2E Tests › Mobile Assignment Workflow › should work on mobile devices 

    Error: page.goto: net::ERR_CONNECTION_REFUSED at http://localhost:3000/login
    Call log:
      - navigating to "http://localhost:3000/login", waiting until "load"


      27 | // Helper functions
      28 | async function loginAsAdmin(page: Page) {
    > 29 |   await page.goto(`${BASE_URL}/login`);
         |              ^
      30 |   await page.fill('[data-testid="email-input"]', TEST_EMAIL);
      31 |   await page.fill('[data-testid="password-input"]', TEST_PASSWORD);
      32 |   await page.click('[data-testid="login-button"]');
        at loginAsAdmin (C:\Users\tower\OneDrive\Documents\4Twenty\empowr-crm-main\e2e\assignment-workflows.spec.ts:29:14)
        at C:\Users\tower\OneDrive\Documents\4Twenty\empowr-crm-main\e2e\assignment-workflows.spec.ts:77:11

    attachment #1: screenshot (image/png) ──────────────────────────────────────────────────────────
    ..\test-results\assignment-workflows-User--df9d5-ould-work-on-mobile-devices-chromium\test-failed-1.png
    ────────────────────────────────────────────────────────────────────────────────────────────────

    attachment #2: video (video/webm) ──────────────────────────────────────────────────────────────
    ..\test-results\assignment-workflows-User--df9d5-ould-work-on-mobile-devices-chromium\video.webm
    ────────────────────────────────────────────────────────────────────────────────────────────────
]]>
</failure>
<system-out>
<![CDATA[
[[ATTACHMENT|assignment-workflows-User--df9d5-ould-work-on-mobile-devices-chromium\test-failed-1.png]]

[[ATTACHMENT|assignment-workflows-User--df9d5-ould-work-on-mobile-devices-chromium\video.webm]]
]]>
</system-out>
</testcase>
<testcase name="User Assignment E2E Tests › Mobile Assignment Workflow › should handle mobile bulk assignment" classname="assignment-workflows.spec.ts" time="3.198">
<failure message="assignment-workflows.spec.ts:554:5 should handle mobile bulk assignment" type="FAILURE">
<![CDATA[  [chromium] › assignment-workflows.spec.ts:554:5 › User Assignment E2E Tests › Mobile Assignment Workflow › should handle mobile bulk assignment 

    Error: page.goto: net::ERR_CONNECTION_REFUSED at http://localhost:3000/login
    Call log:
      - navigating to "http://localhost:3000/login", waiting until "load"


      27 | // Helper functions
      28 | async function loginAsAdmin(page: Page) {
    > 29 |   await page.goto(`${BASE_URL}/login`);
         |              ^
      30 |   await page.fill('[data-testid="email-input"]', TEST_EMAIL);
      31 |   await page.fill('[data-testid="password-input"]', TEST_PASSWORD);
      32 |   await page.click('[data-testid="login-button"]');
        at loginAsAdmin (C:\Users\tower\OneDrive\Documents\4Twenty\empowr-crm-main\e2e\assignment-workflows.spec.ts:29:14)
        at C:\Users\tower\OneDrive\Documents\4Twenty\empowr-crm-main\e2e\assignment-workflows.spec.ts:77:11

    attachment #1: screenshot (image/png) ──────────────────────────────────────────────────────────
    ..\test-results\assignment-workflows-User--0cfff-ndle-mobile-bulk-assignment-chromium\test-failed-1.png
    ────────────────────────────────────────────────────────────────────────────────────────────────

    attachment #2: video (video/webm) ──────────────────────────────────────────────────────────────
    ..\test-results\assignment-workflows-User--0cfff-ndle-mobile-bulk-assignment-chromium\video.webm
    ────────────────────────────────────────────────────────────────────────────────────────────────
]]>
</failure>
<system-out>
<![CDATA[
[[ATTACHMENT|assignment-workflows-User--0cfff-ndle-mobile-bulk-assignment-chromium\test-failed-1.png]]

[[ATTACHMENT|assignment-workflows-User--0cfff-ndle-mobile-bulk-assignment-chromium\video.webm]]
]]>
</system-out>
</testcase>
</testsuite>
<testsuite name="auth.spec.ts" timestamp="2025-10-01T05:34:28.657Z" hostname="chromium" tests="18" failures="16" skipped="0" time="303.945" errors="0">
<testcase name="Empowr CRM - Authentication Flow › should display sign-in page" classname="auth.spec.ts" time="9.935">
<failure message="auth.spec.ts:5:3 should display sign-in page" type="FAILURE">
<![CDATA[  [chromium] › auth.spec.ts:5:3 › Empowr CRM - Authentication Flow › should display sign-in page ───

    Error: expect(locator).toBeVisible() failed

    Locator:  getByRole('heading', { name: 'Sign in' })
    Expected: visible
    Received: <element(s) not found>
    Timeout:  5000ms

    Call log:
      - Expect "toBeVisible" with timeout 5000ms
      - waiting for getByRole('heading', { name: 'Sign in' })


      11 |     // Check if we're on the sign-in page
      12 |     await expect(page).toHaveTitle(/Empowr CRM/);
    > 13 |     await expect(page.getByRole('heading', { name: 'Sign in' })).toBeVisible();
         |                                                                  ^
      14 |     await expect(page.getByText('Welcome back')).toBeVisible();
      15 |     await expect(page.getByText('Continue with Google, LinkedIn or email')).toBeVisible();
      16 |     
        at C:\Users\tower\OneDrive\Documents\4Twenty\empowr-crm-main\e2e\auth.spec.ts:13:66

    attachment #1: screenshot (image/png) ──────────────────────────────────────────────────────────
    ..\test-results\auth-Empowr-CRM---Authenti-46f2f-should-display-sign-in-page-chromium\test-failed-1.png
    ────────────────────────────────────────────────────────────────────────────────────────────────

    attachment #2: video (video/webm) ──────────────────────────────────────────────────────────────
    ..\test-results\auth-Empowr-CRM---Authenti-46f2f-should-display-sign-in-page-chromium\video.webm
    ────────────────────────────────────────────────────────────────────────────────────────────────

    Error Context: ..\test-results\auth-Empowr-CRM---Authenti-46f2f-should-display-sign-in-page-chromium\error-context.md
]]>
</failure>
<system-out>
<![CDATA[[BROWSER DEBUG] [vite] connecting...
[BROWSER INFO] %cDownload the React DevTools for a better development experience: https://reactjs.org/link/react-devtools font-weight:bold
[BROWSER STARTGROUP] 🔧 Environment Configuration
[BROWSER LOG] Supabase URL: ✅ Set
[BROWSER LOG] Supabase Anon Key: ✅ Set
[BROWSER LOG] Google Client ID: ✅ Set
[BROWSER LOG] ℹ️ Service Role Key: Not exposed to client-side (server-only)
[BROWSER LOG] ✅ All environment variables are valid
[BROWSER ENDGROUP] console.groupEnd
[BROWSER LOG] 🔧 Supabase client config: {SUPABASE_URL: https://jedfundfhzytpnbjkspn.supabase.co, SUPABASE_PUBLISHABLE_KEY: eyJhbGciOiJIUzI1NiIs..., SERVICE_ROLE_KEY: Not exposed to client-side (server-only)}
[BROWSER LOG] ✅ Supabase client created successfully
[BROWSER LOG] ℹ️ Using anon key for client-side operations (correct for React apps)
[BROWSER DEBUG] [vite] connected.
[BROWSER LOG] 🔍 Environment Debug Info:
[BROWSER LOG] VITE_SUPABASE_URL: https://jedfundfhzytpnbjkspn.supabase.co
[BROWSER LOG] VITE_SUPABASE_ANON_KEY: SET
[BROWSER LOG] VITE_GOOGLE_CLIENT_ID: 431821374966-6g222eg7q4hsish5e8ln7mmh7t72dgc2.apps.googleusercontent.com
[BROWSER LOG] All env vars: {BASE_URL: /, DEV: true, MODE: development, PROD: false, SSR: false}
[BROWSER INFO] [INFO] 🚀 Empowr CRM starting...
[BROWSER LOG] [DEBUG] 🔍 Environment Debug Info:
[BROWSER LOG] [DEBUG] VITE_SUPABASE_URL: https://jedfundfhzytpnbjkspn.supabase.co
[BROWSER LOG] [DEBUG] VITE_SUPABASE_ANON_KEY: SET
[BROWSER LOG] [DEBUG] VITE_GOOGLE_CLIENT_ID: 431821374966-6g222eg7q4hsish5e8ln7mmh7t72dgc2.apps.googleusercontent.com
[BROWSER LOG] [DEBUG] All env vars: {BASE_URL: /, DEV: true, MODE: development, PROD: false, SSR: false}
[BROWSER INFO] [INFO] ✅ Root element found, creating React root...
[BROWSER INFO] [INFO] ✅ React root created, rendering full CRM app...
[BROWSER INFO] [INFO] ✅ Full CRM App with error boundaries rendered successfully
[BROWSER LOG] 🔐 Initializing authentication...
[BROWSER LOG] 📋 Initial session: {hasSession: false, hasUser: false, userEmail: undefined}
[BROWSER LOG] ✅ Loading set to false - no user
[BROWSER LOG] 🔄 Auth state change: INITIAL_SESSION undefined
[BROWSER LOG] ✅ Error handling system initialized
[BROWSER LOG] ✅ Global error handlers set up
[BROWSER LOG] ✅ Supabase connected successfully. Companies count: 0

[[ATTACHMENT|auth-Empowr-CRM---Authenti-46f2f-should-display-sign-in-page-chromium\test-failed-1.png]]

[[ATTACHMENT|auth-Empowr-CRM---Authenti-46f2f-should-display-sign-in-page-chromium\video.webm]]

[[ATTACHMENT|auth-Empowr-CRM---Authenti-46f2f-should-display-sign-in-page-chromium\error-context.md]]
]]>
</system-out>
</testcase>
<testcase name="Empowr CRM - Authentication Flow › should handle authentication error gracefully" classname="auth.spec.ts" time="11.148">
<failure message="auth.spec.ts:27:3 should handle authentication error gracefully" type="FAILURE">
<![CDATA[  [chromium] › auth.spec.ts:27:3 › Empowr CRM - Authentication Flow › should handle authentication error gracefully 

    Error: expect(locator).toBeVisible() failed

    Locator:  getByText(/error occurred/i)
    Expected: visible
    Received: <element(s) not found>
    Timeout:  5000ms

    Call log:
      - Expect "toBeVisible" with timeout 5000ms
      - waiting for getByText(/error occurred/i)


      42 |       
      43 |       // Should show error message
    > 44 |       await expect(page.getByText(/error occurred/i)).toBeVisible();
         |                                                       ^
      45 |     });
      46 |
      47 |     // Verify that authentication error was properly handled
        at C:\Users\tower\OneDrive\Documents\4Twenty\empowr-crm-main\e2e\auth.spec.ts:44:55
        at withConsoleMonitoring (C:\Users\tower\OneDrive\Documents\4Twenty\empowr-crm-main\src\test\console-inspection.ts:238:20)
        at C:\Users\tower\OneDrive\Documents\4Twenty\empowr-crm-main\e2e\auth.spec.ts:28:27

    attachment #1: screenshot (image/png) ──────────────────────────────────────────────────────────
    ..\test-results\auth-Empowr-CRM---Authenti-4bc04-entication-error-gracefully-chromium\test-failed-1.png
    ────────────────────────────────────────────────────────────────────────────────────────────────

    attachment #2: video (video/webm) ──────────────────────────────────────────────────────────────
    ..\test-results\auth-Empowr-CRM---Authenti-4bc04-entication-error-gracefully-chromium\video.webm
    ────────────────────────────────────────────────────────────────────────────────────────────────

    Error Context: ..\test-results\auth-Empowr-CRM---Authenti-4bc04-entication-error-gracefully-chromium\error-context.md
]]>
</failure>
<system-out>
<![CDATA[[BROWSER DEBUG] [vite] connecting...
[BROWSER INFO] %cDownload the React DevTools for a better development experience: https://reactjs.org/link/react-devtools font-weight:bold
[BROWSER STARTGROUP] 🔧 Environment Configuration
[BROWSER LOG] Supabase URL: ✅ Set
[BROWSER LOG] Supabase Anon Key: ✅ Set
[BROWSER LOG] Google Client ID: ✅ Set
[BROWSER LOG] ℹ️ Service Role Key: Not exposed to client-side (server-only)
[BROWSER LOG] ✅ All environment variables are valid
[BROWSER ENDGROUP] console.groupEnd
[BROWSER LOG] 🔧 Supabase client config: {SUPABASE_URL: https://jedfundfhzytpnbjkspn.supabase.co, SUPABASE_PUBLISHABLE_KEY: eyJhbGciOiJIUzI1NiIs..., SERVICE_ROLE_KEY: Not exposed to client-side (server-only)}
[BROWSER LOG] ✅ Supabase client created successfully
[BROWSER LOG] ℹ️ Using anon key for client-side operations (correct for React apps)
[BROWSER DEBUG] [vite] connected.
[BROWSER LOG] 🔍 Environment Debug Info:
[BROWSER LOG] VITE_SUPABASE_URL: https://jedfundfhzytpnbjkspn.supabase.co
[BROWSER LOG] VITE_SUPABASE_ANON_KEY: SET
[BROWSER LOG] VITE_GOOGLE_CLIENT_ID: 431821374966-6g222eg7q4hsish5e8ln7mmh7t72dgc2.apps.googleusercontent.com
[BROWSER LOG] All env vars: {BASE_URL: /, DEV: true, MODE: development, PROD: false, SSR: false}
[BROWSER INFO] [INFO] 🚀 Empowr CRM starting...
[BROWSER LOG] [DEBUG] 🔍 Environment Debug Info:
[BROWSER LOG] [DEBUG] VITE_SUPABASE_URL: https://jedfundfhzytpnbjkspn.supabase.co
[BROWSER LOG] [DEBUG] VITE_SUPABASE_ANON_KEY: SET
[BROWSER LOG] [DEBUG] VITE_GOOGLE_CLIENT_ID: 431821374966-6g222eg7q4hsish5e8ln7mmh7t72dgc2.apps.googleusercontent.com
[BROWSER LOG] [DEBUG] All env vars: {BASE_URL: /, DEV: true, MODE: development, PROD: false, SSR: false}
[BROWSER INFO] [INFO] ✅ Root element found, creating React root...
[BROWSER INFO] [INFO] ✅ React root created, rendering full CRM app...
[BROWSER INFO] [INFO] ✅ Full CRM App with error boundaries rendered successfully
[BROWSER LOG] 🔐 Initializing authentication...
[BROWSER LOG] 📋 Initial session: {hasSession: false, hasUser: false, userEmail: undefined}
[BROWSER LOG] ✅ Loading set to false - no user
[BROWSER LOG] 🔄 Auth state change: INITIAL_SESSION undefined
[BROWSER LOG] ✅ Error handling system initialized
[BROWSER LOG] ✅ Global error handlers set up
[BROWSER LOG] ✅ Supabase connected successfully. Companies count: 0
[BROWSER LOG] %c%s color: red; background: yellow; font-size: 24px; WARNING!
[BROWSER LOG] %c%s font-size: 18px; Using this console may allow attackers to impersonate you and steal your information using an attack called Self-XSS.
Do not enter or paste code that you do not understand.

[[ATTACHMENT|auth-Empowr-CRM---Authenti-4bc04-entication-error-gracefully-chromium\test-failed-1.png]]

[[ATTACHMENT|auth-Empowr-CRM---Authenti-4bc04-entication-error-gracefully-chromium\video.webm]]

[[ATTACHMENT|auth-Empowr-CRM---Authenti-4bc04-entication-error-gracefully-chromium\error-context.md]]
]]>
</system-out>
</testcase>
<testcase name="Empowr CRM - Dashboard › should load dashboard with stats" classname="auth.spec.ts" time="8.884">
<failure message="auth.spec.ts:67:3 should load dashboard with stats" type="FAILURE">
<![CDATA[  [chromium] › auth.spec.ts:67:3 › Empowr CRM - Dashboard › should load dashboard with stats ───────

    Error: expect(locator).toBeVisible() failed

    Locator:  getByText(/Dashboard/i)
    Expected: visible
    Received: <element(s) not found>
    Timeout:  5000ms

    Call log:
      - Expect "toBeVisible" with timeout 5000ms
      - waiting for getByText(/Dashboard/i)


      69 |     
      70 |     // Wait for dashboard to load
    > 71 |     await expect(page.getByText(/Dashboard/i)).toBeVisible();
         |                                                ^
      72 |     
      73 |     // Check for stats cards
      74 |     await expect(page.getByText(/Total Leads/i)).toBeVisible();
        at C:\Users\tower\OneDrive\Documents\4Twenty\empowr-crm-main\e2e\auth.spec.ts:71:48

    attachment #1: screenshot (image/png) ──────────────────────────────────────────────────────────
    ..\test-results\auth-Empowr-CRM---Dashboard-should-load-dashboard-with-stats-chromium\test-failed-1.png
    ────────────────────────────────────────────────────────────────────────────────────────────────

    attachment #2: video (video/webm) ──────────────────────────────────────────────────────────────
    ..\test-results\auth-Empowr-CRM---Dashboard-should-load-dashboard-with-stats-chromium\video.webm
    ────────────────────────────────────────────────────────────────────────────────────────────────

    Error Context: ..\test-results\auth-Empowr-CRM---Dashboard-should-load-dashboard-with-stats-chromium\error-context.md
]]>
</failure>
<system-out>
<![CDATA[
[[ATTACHMENT|auth-Empowr-CRM---Dashboard-should-load-dashboard-with-stats-chromium\test-failed-1.png]]

[[ATTACHMENT|auth-Empowr-CRM---Dashboard-should-load-dashboard-with-stats-chromium\video.webm]]

[[ATTACHMENT|auth-Empowr-CRM---Dashboard-should-load-dashboard-with-stats-chromium\error-context.md]]
]]>
</system-out>
</testcase>
<testcase name="Empowr CRM - Dashboard › should navigate to leads page" classname="auth.spec.ts" time="32.962">
<failure message="auth.spec.ts:79:3 should navigate to leads page" type="FAILURE">
<![CDATA[  [chromium] › auth.spec.ts:79:3 › Empowr CRM - Dashboard › should navigate to leads page ──────────

    Test timeout of 30000ms exceeded.

    Error: locator.click: Test timeout of 30000ms exceeded.
    Call log:
      - waiting for getByRole('link', { name: /Leads/i })


      81 |     
      82 |     // Click on leads navigation
    > 83 |     await page.getByRole('link', { name: /Leads/i }).click();
         |                                                      ^
      84 |     
      85 |     // Should be on leads page
      86 |     await expect(page).toHaveURL(/.*leads.*/);
        at C:\Users\tower\OneDrive\Documents\4Twenty\empowr-crm-main\e2e\auth.spec.ts:83:54

    attachment #1: screenshot (image/png) ──────────────────────────────────────────────────────────
    ..\test-results\auth-Empowr-CRM---Dashboard-should-navigate-to-leads-page-chromium\test-failed-1.png
    ────────────────────────────────────────────────────────────────────────────────────────────────

    attachment #2: video (video/webm) ──────────────────────────────────────────────────────────────
    ..\test-results\auth-Empowr-CRM---Dashboard-should-navigate-to-leads-page-chromium\video.webm
    ────────────────────────────────────────────────────────────────────────────────────────────────

    Error Context: ..\test-results\auth-Empowr-CRM---Dashboard-should-navigate-to-leads-page-chromium\error-context.md
]]>
</failure>
<system-out>
<![CDATA[
[[ATTACHMENT|auth-Empowr-CRM---Dashboard-should-navigate-to-leads-page-chromium\test-failed-1.png]]

[[ATTACHMENT|auth-Empowr-CRM---Dashboard-should-navigate-to-leads-page-chromium\video.webm]]

[[ATTACHMENT|auth-Empowr-CRM---Dashboard-should-navigate-to-leads-page-chromium\error-context.md]]
]]>
</system-out>
</testcase>
<testcase name="Empowr CRM - Dashboard › should navigate to companies page" classname="auth.spec.ts" time="32.983">
<failure message="auth.spec.ts:90:3 should navigate to companies page" type="FAILURE">
<![CDATA[  [chromium] › auth.spec.ts:90:3 › Empowr CRM - Dashboard › should navigate to companies page ──────

    Test timeout of 30000ms exceeded.

    Error: locator.click: Test timeout of 30000ms exceeded.
    Call log:
      - waiting for getByRole('link', { name: /Companies/i })


      92 |     
      93 |     // Click on companies navigation
    > 94 |     await page.getByRole('link', { name: /Companies/i }).click();
         |                                                          ^
      95 |     
      96 |     // Should be on companies page
      97 |     await expect(page).toHaveURL(/.*companies.*/);
        at C:\Users\tower\OneDrive\Documents\4Twenty\empowr-crm-main\e2e\auth.spec.ts:94:58

    attachment #1: screenshot (image/png) ──────────────────────────────────────────────────────────
    ..\test-results\auth-Empowr-CRM---Dashboar-60eb5--navigate-to-companies-page-chromium\test-failed-1.png
    ────────────────────────────────────────────────────────────────────────────────────────────────

    attachment #2: video (video/webm) ──────────────────────────────────────────────────────────────
    ..\test-results\auth-Empowr-CRM---Dashboar-60eb5--navigate-to-companies-page-chromium\video.webm
    ────────────────────────────────────────────────────────────────────────────────────────────────

    Error Context: ..\test-results\auth-Empowr-CRM---Dashboar-60eb5--navigate-to-companies-page-chromium\error-context.md
]]>
</failure>
<system-out>
<![CDATA[
[[ATTACHMENT|auth-Empowr-CRM---Dashboar-60eb5--navigate-to-companies-page-chromium\test-failed-1.png]]

[[ATTACHMENT|auth-Empowr-CRM---Dashboar-60eb5--navigate-to-companies-page-chromium\video.webm]]

[[ATTACHMENT|auth-Empowr-CRM---Dashboar-60eb5--navigate-to-companies-page-chromium\error-context.md]]
]]>
</system-out>
</testcase>
<testcase name="Empowr CRM - Dashboard › should navigate to jobs page" classname="auth.spec.ts" time="33.075">
<failure message="auth.spec.ts:101:3 should navigate to jobs page" type="FAILURE">
<![CDATA[  [chromium] › auth.spec.ts:101:3 › Empowr CRM - Dashboard › should navigate to jobs page ──────────

    Test timeout of 30000ms exceeded.

    Error: locator.click: Test timeout of 30000ms exceeded.
    Call log:
      - waiting for getByRole('link', { name: /Jobs/i })


      103 |     
      104 |     // Click on jobs navigation
    > 105 |     await page.getByRole('link', { name: /Jobs/i }).click();
          |                                                     ^
      106 |     
      107 |     // Should be on jobs page
      108 |     await expect(page).toHaveURL(/.*jobs.*/);
        at C:\Users\tower\OneDrive\Documents\4Twenty\empowr-crm-main\e2e\auth.spec.ts:105:53

    attachment #1: screenshot (image/png) ──────────────────────────────────────────────────────────
    ..\test-results\auth-Empowr-CRM---Dashboard-should-navigate-to-jobs-page-chromium\test-failed-1.png
    ────────────────────────────────────────────────────────────────────────────────────────────────

    attachment #2: video (video/webm) ──────────────────────────────────────────────────────────────
    ..\test-results\auth-Empowr-CRM---Dashboard-should-navigate-to-jobs-page-chromium\video.webm
    ────────────────────────────────────────────────────────────────────────────────────────────────

    Error Context: ..\test-results\auth-Empowr-CRM---Dashboard-should-navigate-to-jobs-page-chromium\error-context.md
]]>
</failure>
<system-out>
<![CDATA[
[[ATTACHMENT|auth-Empowr-CRM---Dashboard-should-navigate-to-jobs-page-chromium\test-failed-1.png]]

[[ATTACHMENT|auth-Empowr-CRM---Dashboard-should-navigate-to-jobs-page-chromium\video.webm]]

[[ATTACHMENT|auth-Empowr-CRM---Dashboard-should-navigate-to-jobs-page-chromium\error-context.md]]
]]>
</system-out>
</testcase>
<testcase name="Empowr CRM - Lead Management › should display leads list" classname="auth.spec.ts" time="6.907">
<failure message="auth.spec.ts:146:3 should display leads list" type="FAILURE">
<![CDATA[  [chromium] › auth.spec.ts:146:3 › Empowr CRM - Lead Management › should display leads list ───────

    Error: expect(locator).toBeVisible() failed

    Locator:  getByText('John Doe')
    Expected: visible
    Received: <element(s) not found>
    Timeout:  5000ms

    Call log:
      - Expect "toBeVisible" with timeout 5000ms
      - waiting for getByText('John Doe')


      148 |     
      149 |     // Wait for leads to load
    > 150 |     await expect(page.getByText('John Doe')).toBeVisible();
          |                                              ^
      151 |     await expect(page.getByText('john@example.com')).toBeVisible();
      152 |   });
      153 |
        at C:\Users\tower\OneDrive\Documents\4Twenty\empowr-crm-main\e2e\auth.spec.ts:150:46

    attachment #1: screenshot (image/png) ──────────────────────────────────────────────────────────
    ..\test-results\auth-Empowr-CRM---Lead-Management-should-display-leads-list-chromium\test-failed-1.png
    ────────────────────────────────────────────────────────────────────────────────────────────────

    attachment #2: video (video/webm) ──────────────────────────────────────────────────────────────
    ..\test-results\auth-Empowr-CRM---Lead-Management-should-display-leads-list-chromium\video.webm
    ────────────────────────────────────────────────────────────────────────────────────────────────

    Error Context: ..\test-results\auth-Empowr-CRM---Lead-Management-should-display-leads-list-chromium\error-context.md
]]>
</failure>
<system-out>
<![CDATA[
[[ATTACHMENT|auth-Empowr-CRM---Lead-Management-should-display-leads-list-chromium\test-failed-1.png]]

[[ATTACHMENT|auth-Empowr-CRM---Lead-Management-should-display-leads-list-chromium\video.webm]]

[[ATTACHMENT|auth-Empowr-CRM---Lead-Management-should-display-leads-list-chromium\error-context.md]]
]]>
</system-out>
</testcase>
<testcase name="Empowr CRM - Lead Management › should open lead popup on click" classname="auth.spec.ts" time="34.035">
<failure message="auth.spec.ts:154:3 should open lead popup on click" type="FAILURE">
<![CDATA[  [chromium] › auth.spec.ts:154:3 › Empowr CRM - Lead Management › should open lead popup on click ─

    Test timeout of 30000ms exceeded.

    Error: locator.click: Test timeout of 30000ms exceeded.
    Call log:
      - waiting for getByText('John Doe')


      156 |     
      157 |     // Click on a lead
    > 158 |     await page.getByText('John Doe').click();
          |                                      ^
      159 |     
      160 |     // Should open popup modal
      161 |     await expect(page.getByRole('dialog')).toBeVisible();
        at C:\Users\tower\OneDrive\Documents\4Twenty\empowr-crm-main\e2e\auth.spec.ts:158:38

    attachment #1: screenshot (image/png) ──────────────────────────────────────────────────────────
    ..\test-results\auth-Empowr-CRM---Lead-Man-4c7c8-ld-open-lead-popup-on-click-chromium\test-failed-1.png
    ────────────────────────────────────────────────────────────────────────────────────────────────

    attachment #2: video (video/webm) ──────────────────────────────────────────────────────────────
    ..\test-results\auth-Empowr-CRM---Lead-Man-4c7c8-ld-open-lead-popup-on-click-chromium\video.webm
    ────────────────────────────────────────────────────────────────────────────────────────────────

    Error Context: ..\test-results\auth-Empowr-CRM---Lead-Man-4c7c8-ld-open-lead-popup-on-click-chromium\error-context.md
]]>
</failure>
<system-out>
<![CDATA[
[[ATTACHMENT|auth-Empowr-CRM---Lead-Man-4c7c8-ld-open-lead-popup-on-click-chromium\test-failed-1.png]]

[[ATTACHMENT|auth-Empowr-CRM---Lead-Man-4c7c8-ld-open-lead-popup-on-click-chromium\video.webm]]

[[ATTACHMENT|auth-Empowr-CRM---Lead-Man-4c7c8-ld-open-lead-popup-on-click-chromium\error-context.md]]
]]>
</system-out>
</testcase>
<testcase name="Empowr CRM - Lead Management › should close popup on backdrop click" classname="auth.spec.ts" time="33.28">
<failure message="auth.spec.ts:165:3 should close popup on backdrop click" type="FAILURE">
<![CDATA[  [chromium] › auth.spec.ts:165:3 › Empowr CRM - Lead Management › should close popup on backdrop click 

    Test timeout of 30000ms exceeded.

    Error: locator.click: Test timeout of 30000ms exceeded.
    Call log:
      - waiting for getByText('John Doe')


      167 |     
      168 |     // Open popup
    > 169 |     await page.getByText('John Doe').click();
          |                                      ^
      170 |     await expect(page.getByRole('dialog')).toBeVisible();
      171 |     
      172 |     // Click backdrop to close
        at C:\Users\tower\OneDrive\Documents\4Twenty\empowr-crm-main\e2e\auth.spec.ts:169:38

    attachment #1: screenshot (image/png) ──────────────────────────────────────────────────────────
    ..\test-results\auth-Empowr-CRM---Lead-Man-53cbf-ose-popup-on-backdrop-click-chromium\test-failed-1.png
    ────────────────────────────────────────────────────────────────────────────────────────────────

    attachment #2: video (video/webm) ──────────────────────────────────────────────────────────────
    ..\test-results\auth-Empowr-CRM---Lead-Man-53cbf-ose-popup-on-backdrop-click-chromium\video.webm
    ────────────────────────────────────────────────────────────────────────────────────────────────

    Error Context: ..\test-results\auth-Empowr-CRM---Lead-Man-53cbf-ose-popup-on-backdrop-click-chromium\error-context.md
]]>
</failure>
<system-out>
<![CDATA[
[[ATTACHMENT|auth-Empowr-CRM---Lead-Man-53cbf-ose-popup-on-backdrop-click-chromium\test-failed-1.png]]

[[ATTACHMENT|auth-Empowr-CRM---Lead-Man-53cbf-ose-popup-on-backdrop-click-chromium\video.webm]]

[[ATTACHMENT|auth-Empowr-CRM---Lead-Man-53cbf-ose-popup-on-backdrop-click-chromium\error-context.md]]
]]>
</system-out>
</testcase>
<testcase name="Empowr CRM - Lead Management › should close popup on escape key" classname="auth.spec.ts" time="33.534">
<failure message="auth.spec.ts:179:3 should close popup on escape key" type="FAILURE">
<![CDATA[  [chromium] › auth.spec.ts:179:3 › Empowr CRM - Lead Management › should close popup on escape key 

    Test timeout of 30000ms exceeded.

    Error: locator.click: Test timeout of 30000ms exceeded.
    Call log:
      - waiting for getByText('John Doe')


      181 |     
      182 |     // Open popup
    > 183 |     await page.getByText('John Doe').click();
          |                                      ^
      184 |     await expect(page.getByRole('dialog')).toBeVisible();
      185 |     
      186 |     // Press escape key
        at C:\Users\tower\OneDrive\Documents\4Twenty\empowr-crm-main\e2e\auth.spec.ts:183:38

    attachment #1: screenshot (image/png) ──────────────────────────────────────────────────────────
    ..\test-results\auth-Empowr-CRM---Lead-Man-4d4ef-d-close-popup-on-escape-key-chromium\test-failed-1.png
    ────────────────────────────────────────────────────────────────────────────────────────────────

    attachment #2: video (video/webm) ──────────────────────────────────────────────────────────────
    ..\test-results\auth-Empowr-CRM---Lead-Man-4d4ef-d-close-popup-on-escape-key-chromium\video.webm
    ────────────────────────────────────────────────────────────────────────────────────────────────

    Error Context: ..\test-results\auth-Empowr-CRM---Lead-Man-4d4ef-d-close-popup-on-escape-key-chromium\error-context.md
]]>
</failure>
<system-out>
<![CDATA[
[[ATTACHMENT|auth-Empowr-CRM---Lead-Man-4d4ef-d-close-popup-on-escape-key-chromium\test-failed-1.png]]

[[ATTACHMENT|auth-Empowr-CRM---Lead-Man-4d4ef-d-close-popup-on-escape-key-chromium\video.webm]]

[[ATTACHMENT|auth-Empowr-CRM---Lead-Man-4d4ef-d-close-popup-on-escape-key-chromium\error-context.md]]
]]>
</system-out>
</testcase>
<testcase name="Empowr CRM - Company Management › should display companies list" classname="auth.spec.ts" time="6.285">
<failure message="auth.spec.ts:227:3 should display companies list" type="FAILURE">
<![CDATA[  [chromium] › auth.spec.ts:227:3 › Empowr CRM - Company Management › should display companies list 

    Error: expect(locator).toBeVisible() failed

    Locator:  getByText('Acme Corp')
    Expected: visible
    Received: <element(s) not found>
    Timeout:  5000ms

    Call log:
      - Expect "toBeVisible" with timeout 5000ms
      - waiting for getByText('Acme Corp')


      229 |     
      230 |     // Wait for companies to load
    > 231 |     await expect(page.getByText('Acme Corp')).toBeVisible();
          |                                               ^
      232 |     await expect(page.getByText('Technology')).toBeVisible();
      233 |   });
      234 |
        at C:\Users\tower\OneDrive\Documents\4Twenty\empowr-crm-main\e2e\auth.spec.ts:231:47

    attachment #1: screenshot (image/png) ──────────────────────────────────────────────────────────
    ..\test-results\auth-Empowr-CRM---Company--f1157-ould-display-companies-list-chromium\test-failed-1.png
    ────────────────────────────────────────────────────────────────────────────────────────────────

    attachment #2: video (video/webm) ──────────────────────────────────────────────────────────────
    ..\test-results\auth-Empowr-CRM---Company--f1157-ould-display-companies-list-chromium\video.webm
    ────────────────────────────────────────────────────────────────────────────────────────────────

    Error Context: ..\test-results\auth-Empowr-CRM---Company--f1157-ould-display-companies-list-chromium\error-context.md
]]>
</failure>
<system-out>
<![CDATA[
[[ATTACHMENT|auth-Empowr-CRM---Company--f1157-ould-display-companies-list-chromium\test-failed-1.png]]

[[ATTACHMENT|auth-Empowr-CRM---Company--f1157-ould-display-companies-list-chromium\video.webm]]

[[ATTACHMENT|auth-Empowr-CRM---Company--f1157-ould-display-companies-list-chromium\error-context.md]]
]]>
</system-out>
</testcase>
<testcase name="Empowr CRM - Company Management › should open company popup on click" classname="auth.spec.ts" time="34.52">
<failure message="auth.spec.ts:235:3 should open company popup on click" type="FAILURE">
<![CDATA[  [chromium] › auth.spec.ts:235:3 › Empowr CRM - Company Management › should open company popup on click 

    Test timeout of 30000ms exceeded.

    Error: locator.click: Test timeout of 30000ms exceeded.
    Call log:
      - waiting for getByText('Acme Corp')


      237 |     
      238 |     // Click on a company
    > 239 |     await page.getByText('Acme Corp').click();
          |                                       ^
      240 |     
      241 |     // Should open popup modal
      242 |     await expect(page.getByRole('dialog')).toBeVisible();
        at C:\Users\tower\OneDrive\Documents\4Twenty\empowr-crm-main\e2e\auth.spec.ts:239:39

    attachment #1: screenshot (image/png) ──────────────────────────────────────────────────────────
    ..\test-results\auth-Empowr-CRM---Company--a81ed-open-company-popup-on-click-chromium\test-failed-1.png
    ────────────────────────────────────────────────────────────────────────────────────────────────

    attachment #2: video (video/webm) ──────────────────────────────────────────────────────────────
    ..\test-results\auth-Empowr-CRM---Company--a81ed-open-company-popup-on-click-chromium\video.webm
    ────────────────────────────────────────────────────────────────────────────────────────────────

    Error Context: ..\test-results\auth-Empowr-CRM---Company--a81ed-open-company-popup-on-click-chromium\error-context.md
]]>
</failure>
<system-out>
<![CDATA[
[[ATTACHMENT|auth-Empowr-CRM---Company--a81ed-open-company-popup-on-click-chromium\test-failed-1.png]]

[[ATTACHMENT|auth-Empowr-CRM---Company--a81ed-open-company-popup-on-click-chromium\video.webm]]

[[ATTACHMENT|auth-Empowr-CRM---Company--a81ed-open-company-popup-on-click-chromium\error-context.md]]
]]>
</system-out>
</testcase>
<testcase name="Empowr CRM - Responsive Design › should work on mobile devices" classname="auth.spec.ts" time="6.194">
<failure message="auth.spec.ts:248:3 should work on mobile devices" type="FAILURE">
<![CDATA[  [chromium] › auth.spec.ts:248:3 › Empowr CRM - Responsive Design › should work on mobile devices ─

    Error: expect(locator).toBeVisible() failed

    Locator:  getByRole('heading', { name: 'Sign in' })
    Expected: visible
    Received: <element(s) not found>
    Timeout:  5000ms

    Call log:
      - Expect "toBeVisible" with timeout 5000ms
      - waiting for getByRole('heading', { name: 'Sign in' })


      253 |     
      254 |     // Check mobile layout
    > 255 |     await expect(page.getByRole('heading', { name: 'Sign in' })).toBeVisible();
          |                                                                  ^
      256 |     
      257 |     // Sign-in button should be visible and clickable
      258 |     const signInButton = page.getByRole('button', { name: /Continue with Google/i });
        at C:\Users\tower\OneDrive\Documents\4Twenty\empowr-crm-main\e2e\auth.spec.ts:255:66

    attachment #1: screenshot (image/png) ──────────────────────────────────────────────────────────
    ..\test-results\auth-Empowr-CRM---Responsi-5a0bb-ould-work-on-mobile-devices-chromium\test-failed-1.png
    ────────────────────────────────────────────────────────────────────────────────────────────────

    attachment #2: video (video/webm) ──────────────────────────────────────────────────────────────
    ..\test-results\auth-Empowr-CRM---Responsi-5a0bb-ould-work-on-mobile-devices-chromium\video.webm
    ────────────────────────────────────────────────────────────────────────────────────────────────

    Error Context: ..\test-results\auth-Empowr-CRM---Responsi-5a0bb-ould-work-on-mobile-devices-chromium\error-context.md
]]>
</failure>
<system-out>
<![CDATA[
[[ATTACHMENT|auth-Empowr-CRM---Responsi-5a0bb-ould-work-on-mobile-devices-chromium\test-failed-1.png]]

[[ATTACHMENT|auth-Empowr-CRM---Responsi-5a0bb-ould-work-on-mobile-devices-chromium\video.webm]]

[[ATTACHMENT|auth-Empowr-CRM---Responsi-5a0bb-ould-work-on-mobile-devices-chromium\error-context.md]]
]]>
</system-out>
</testcase>
<testcase name="Empowr CRM - Responsive Design › should work on tablet devices" classname="auth.spec.ts" time="6.83">
<failure message="auth.spec.ts:263:3 should work on tablet devices" type="FAILURE">
<![CDATA[  [chromium] › auth.spec.ts:263:3 › Empowr CRM - Responsive Design › should work on tablet devices ─

    Error: expect(locator).toBeVisible() failed

    Locator:  getByRole('heading', { name: 'Sign in' })
    Expected: visible
    Received: <element(s) not found>
    Timeout:  5000ms

    Call log:
      - Expect "toBeVisible" with timeout 5000ms
      - waiting for getByRole('heading', { name: 'Sign in' })


      268 |     
      269 |     // Check tablet layout
    > 270 |     await expect(page.getByRole('heading', { name: 'Sign in' })).toBeVisible();
          |                                                                  ^
      271 |     await expect(page.getByRole('button', { name: /Continue with Google/i })).toBeVisible();
      272 |   });
      273 | });
        at C:\Users\tower\OneDrive\Documents\4Twenty\empowr-crm-main\e2e\auth.spec.ts:270:66

    attachment #1: screenshot (image/png) ──────────────────────────────────────────────────────────
    ..\test-results\auth-Empowr-CRM---Responsi-9364d-ould-work-on-tablet-devices-chromium\test-failed-1.png
    ────────────────────────────────────────────────────────────────────────────────────────────────

    attachment #2: video (video/webm) ──────────────────────────────────────────────────────────────
    ..\test-results\auth-Empowr-CRM---Responsi-9364d-ould-work-on-tablet-devices-chromium\video.webm
    ────────────────────────────────────────────────────────────────────────────────────────────────

    Error Context: ..\test-results\auth-Empowr-CRM---Responsi-9364d-ould-work-on-tablet-devices-chromium\error-context.md
]]>
</failure>
<system-out>
<![CDATA[
[[ATTACHMENT|auth-Empowr-CRM---Responsi-9364d-ould-work-on-tablet-devices-chromium\test-failed-1.png]]

[[ATTACHMENT|auth-Empowr-CRM---Responsi-9364d-ould-work-on-tablet-devices-chromium\video.webm]]

[[ATTACHMENT|auth-Empowr-CRM---Responsi-9364d-ould-work-on-tablet-devices-chromium\error-context.md]]
]]>
</system-out>
</testcase>
<testcase name="Empowr CRM - Error Handling › should handle network errors gracefully" classname="auth.spec.ts" time="2.119">
<failure message="auth.spec.ts:276:3 should handle network errors gracefully" type="FAILURE">
<![CDATA[  [chromium] › auth.spec.ts:276:3 › Empowr CRM - Error Handling › should handle network errors gracefully 

    Error: route.abort: Unknown error code: Failed

      277 |     // Mock network failure
      278 |     await page.route('**/rest/v1/**', route => {
    > 279 |       route.abort('Failed');
          |             ^
      280 |     });
      281 |
      282 |     await page.goto('/');
        at C:\Users\tower\OneDrive\Documents\4Twenty\empowr-crm-main\e2e\auth.spec.ts:279:13

    Error: expect(locator).toBeVisible() failed

    Locator:  getByText(/error/i)
    Expected: visible
    Received: <element(s) not found>

    Call log:
      - Expect "toBeVisible" with timeout 5000ms
      - waiting for getByText(/error/i)


      283 |     
      284 |     // Should show error state
    > 285 |     await expect(page.getByText(/error/i)).toBeVisible();
          |                                            ^
      286 |   });
      287 |
      288 |   test('should handle 404 errors', async ({ page }) => {
        at C:\Users\tower\OneDrive\Documents\4Twenty\empowr-crm-main\e2e\auth.spec.ts:285:44

    attachment #1: screenshot (image/png) ──────────────────────────────────────────────────────────
    ..\test-results\auth-Empowr-CRM---Error-Ha-579ab-e-network-errors-gracefully-chromium\test-failed-1.png
    ────────────────────────────────────────────────────────────────────────────────────────────────

    attachment #2: video (video/webm) ──────────────────────────────────────────────────────────────
    ..\test-results\auth-Empowr-CRM---Error-Ha-579ab-e-network-errors-gracefully-chromium\video.webm
    ────────────────────────────────────────────────────────────────────────────────────────────────

    Error Context: ..\test-results\auth-Empowr-CRM---Error-Ha-579ab-e-network-errors-gracefully-chromium\error-context.md
]]>
</failure>
<system-out>
<![CDATA[
[[ATTACHMENT|auth-Empowr-CRM---Error-Ha-579ab-e-network-errors-gracefully-chromium\test-failed-1.png]]

[[ATTACHMENT|auth-Empowr-CRM---Error-Ha-579ab-e-network-errors-gracefully-chromium\video.webm]]

[[ATTACHMENT|auth-Empowr-CRM---Error-Ha-579ab-e-network-errors-gracefully-chromium\error-context.md]]
]]>
</system-out>
</testcase>
<testcase name="Empowr CRM - Error Handling › should handle 404 errors" classname="auth.spec.ts" time="2.012">
</testcase>
<testcase name="Empowr CRM - Performance › should load within acceptable time" classname="auth.spec.ts" time="2.492">
</testcase>
<testcase name="Empowr CRM - Performance › should have good Lighthouse scores" classname="auth.spec.ts" time="6.75">
<failure message="auth.spec.ts:309:3 should have good Lighthouse scores" type="FAILURE">
<![CDATA[  [chromium] › auth.spec.ts:309:3 › Empowr CRM - Performance › should have good Lighthouse scores ──

    Error: expect(locator).toBeVisible() failed

    Locator:  getByRole('heading', { name: 'Sign in' })
    Expected: visible
    Received: <element(s) not found>
    Timeout:  5000ms

    Call log:
      - Expect "toBeVisible" with timeout 5000ms
      - waiting for getByRole('heading', { name: 'Sign in' })


      311 |     
      312 |     // Basic performance checks
    > 313 |     await expect(page.getByRole('heading', { name: 'Sign in' })).toBeVisible();
          |                                                                  ^
      314 |     
      315 |     // Check for performance issues
      316 |     const metrics = await page.evaluate(() => {
        at C:\Users\tower\OneDrive\Documents\4Twenty\empowr-crm-main\e2e\auth.spec.ts:313:66

    attachment #1: screenshot (image/png) ──────────────────────────────────────────────────────────
    ..\test-results\auth-Empowr-CRM---Performa-1e045-have-good-Lighthouse-scores-chromium\test-failed-1.png
    ────────────────────────────────────────────────────────────────────────────────────────────────

    attachment #2: video (video/webm) ──────────────────────────────────────────────────────────────
    ..\test-results\auth-Empowr-CRM---Performa-1e045-have-good-Lighthouse-scores-chromium\video.webm
    ────────────────────────────────────────────────────────────────────────────────────────────────

    Error Context: ..\test-results\auth-Empowr-CRM---Performa-1e045-have-good-Lighthouse-scores-chromium\error-context.md
]]>
</failure>
<system-out>
<![CDATA[
[[ATTACHMENT|auth-Empowr-CRM---Performa-1e045-have-good-Lighthouse-scores-chromium\test-failed-1.png]]

[[ATTACHMENT|auth-Empowr-CRM---Performa-1e045-have-good-Lighthouse-scores-chromium\video.webm]]

[[ATTACHMENT|auth-Empowr-CRM---Performa-1e045-have-good-Lighthouse-scores-chromium\error-context.md]]
]]>
</system-out>
</testcase>
</testsuite>
<testsuite name="authorization.spec.ts" timestamp="2025-10-01T05:34:28.657Z" hostname="chromium" tests="28" failures="24" skipped="0" time="310.001" errors="0">
<testcase name="Authorization E2E Tests › Owner Role Tests › should have full access to all features" classname="authorization.spec.ts" time="6.822">
<failure message="authorization.spec.ts:143:5 should have full access to all features" type="FAILURE">
<![CDATA[  [chromium] › authorization.spec.ts:143:5 › Authorization E2E Tests › Owner Role Tests › should have full access to all features 

    Error: expect(locator).toBeVisible() failed

    Locator:  getByText('Dashboard')
    Expected: visible
    Received: <element(s) not found>
    Timeout:  5000ms

    Call log:
      - Expect "toBeVisible" with timeout 5000ms
      - waiting for getByText('Dashboard')


      145 |       
      146 |       // Should see all navigation items
    > 147 |       await expect(page.getByText('Dashboard')).toBeVisible();
          |                                                 ^
      148 |       await expect(page.getByText('People')).toBeVisible();
      149 |       await expect(page.getByText('Companies')).toBeVisible();
      150 |       await expect(page.getByText('Jobs')).toBeVisible();
        at C:\Users\tower\OneDrive\Documents\4Twenty\empowr-crm-main\e2e\authorization.spec.ts:147:49

    attachment #1: screenshot (image/png) ──────────────────────────────────────────────────────────
    ..\test-results\authorization-Authorizatio-a150f-full-access-to-all-features-chromium\test-failed-1.png
    ────────────────────────────────────────────────────────────────────────────────────────────────

    attachment #2: video (video/webm) ──────────────────────────────────────────────────────────────
    ..\test-results\authorization-Authorizatio-a150f-full-access-to-all-features-chromium\video.webm
    ────────────────────────────────────────────────────────────────────────────────────────────────

    Error Context: ..\test-results\authorization-Authorizatio-a150f-full-access-to-all-features-chromium\error-context.md
]]>
</failure>
<system-out>
<![CDATA[
[[ATTACHMENT|authorization-Authorizatio-a150f-full-access-to-all-features-chromium\test-failed-1.png]]

[[ATTACHMENT|authorization-Authorizatio-a150f-full-access-to-all-features-chromium\video.webm]]

[[ATTACHMENT|authorization-Authorizatio-a150f-full-access-to-all-features-chromium\error-context.md]]
]]>
</system-out>
</testcase>
<testcase name="Authorization E2E Tests › Owner Role Tests › should see all companies regardless of ownership" classname="authorization.spec.ts" time="6.531">
<failure message="authorization.spec.ts:154:5 should see all companies regardless of ownership" type="FAILURE">
[...]

    Locator:  getByText('Acme Corp')
    Expected: visible
    Received: <element(s) not found>
    Timeout:  5000ms

    Call log:
      - Expect "toBeVisible" with timeout 5000ms
      - waiting for getByText('Acme Corp')


      469 |       
      470 |       // Should only see assigned companies
    > 471 |       await expect(page.getByText('Acme Corp')).toBeVisible();
          |                                                 ^
      472 |       await expect(page.getByText('Beta Inc')).not.toBeVisible();
      473 |
      474 |       // Change to admin role
        at C:\Users\tower\OneDrive\Documents\4Twenty\empowr-crm-main\e2e\authorization.spec.ts:471:49

    attachment #1: screenshot (image/png) ──────────────────────────────────────────────────────────
    ..\test-results\authorization-Authorizatio-d3c6c-role-changes-during-session-Mobile-Safari\test-failed-1.png
    ────────────────────────────────────────────────────────────────────────────────────────────────

    attachment #2: video (video/webm) ──────────────────────────────────────────────────────────────
    ..\test-results\authorization-Authorizatio-d3c6c-role-changes-during-session-Mobile-Safari\video.webm
    ────────────────────────────────────────────────────────────────────────────────────────────────

    Error Context: ..\test-results\authorization-Authorizatio-d3c6c-role-changes-during-session-Mobile-Safari\error-context.md
]]>
</failure>
<system-out>
<![CDATA[
[[ATTACHMENT|authorization-Authorizatio-d3c6c-role-changes-during-session-Mobile-Safari\test-failed-1.png]]

[[ATTACHMENT|authorization-Authorizatio-d3c6c-role-changes-during-session-Mobile-Safari\video.webm]]

[[ATTACHMENT|authorization-Authorizatio-d3c6c-role-changes-during-session-Mobile-Safari\error-context.md]]
]]>
</system-out>
</testcase>
<testcase name="Authorization E2E Tests › Edge Cases › should handle deleted user assignments gracefully" classname="authorization.spec.ts" time="4.379">
</testcase>
<testcase name="Authorization E2E Tests › Edge Cases › should handle concurrent assignment attempts" classname="authorization.spec.ts" time="30.466">
<failure message="authorization.spec.ts:508:5 should handle concurrent assignment attempts" type="FAILURE">
<![CDATA[  [Mobile Safari] › authorization.spec.ts:508:5 › Authorization E2E Tests › Edge Cases › should handle concurrent assignment attempts 

    Test timeout of 30000ms exceeded.

    Error: locator.click: Test timeout of 30000ms exceeded.
    Call log:
      - waiting for getByText('Acme Corp')


      530 |       
      531 |       // Click on a company
    > 532 |       await page.getByText('Acme Corp').click();
          |                                         ^
      533 |       
      534 |       // Try to assign
      535 |       const assignButton = page.getByRole('button', { name: /assign/i });
        at C:\Users\tower\OneDrive\Documents\4Twenty\empowr-crm-main\e2e\authorization.spec.ts:532:41

    attachment #1: screenshot (image/png) ──────────────────────────────────────────────────────────
    ..\test-results\authorization-Authorizatio-b5192-current-assignment-attempts-Mobile-Safari\test-failed-1.png
    ────────────────────────────────────────────────────────────────────────────────────────────────

    attachment #2: video (video/webm) ──────────────────────────────────────────────────────────────
    ..\test-results\authorization-Authorizatio-b5192-current-assignment-attempts-Mobile-Safari\video.webm
    ────────────────────────────────────────────────────────────────────────────────────────────────

    Error Context: ..\test-results\authorization-Authorizatio-b5192-current-assignment-attempts-Mobile-Safari\error-context.md
]]>
</failure>
<system-out>
<![CDATA[
[[ATTACHMENT|authorization-Authorizatio-b5192-current-assignment-attempts-Mobile-Safari\test-failed-1.png]]

[[ATTACHMENT|authorization-Authorizatio-b5192-current-assignment-attempts-Mobile-Safari\video.webm]]

[[ATTACHMENT|authorization-Authorizatio-b5192-current-assignment-attempts-Mobile-Safari\error-context.md]]
]]>
</system-out>
</testcase>
<testcase name="Authorization E2E Tests › Edge Cases › should handle session expiration gracefully" classname="authorization.spec.ts" time="9.534">
<failure message="authorization.spec.ts:542:5 should handle session expiration gracefully" type="FAILURE">
<![CDATA[  [Mobile Safari] › authorization.spec.ts:542:5 › Authorization E2E Tests › Edge Cases › should handle session expiration gracefully 

    Error: expect(locator).toBeVisible() failed

    Locator:  getByText(/sign in/i)
    Expected: visible
    Received: <element(s) not found>
    Timeout:  5000ms

    Call log:
      - Expect "toBeVisible" with timeout 5000ms
      - waiting for getByText(/sign in/i)


      553 |       
      554 |       // Should be redirected to sign-in page
    > 555 |       await expect(page.getByText(/sign in/i)).toBeVisible();
          |                                                ^
      556 |     });
      557 |   });
      558 | });
        at C:\Users\tower\OneDrive\Documents\4Twenty\empowr-crm-main\e2e\authorization.spec.ts:555:48

    attachment #1: screenshot (image/png) ──────────────────────────────────────────────────────────
    ..\test-results\authorization-Authorizatio-440ab-ssion-expiration-gracefully-Mobile-Safari\test-failed-1.png
    ────────────────────────────────────────────────────────────────────────────────────────────────

    attachment #2: video (video/webm) ──────────────────────────────────────────────────────────────
    ..\test-results\authorization-Authorizatio-440ab-ssion-expiration-gracefully-Mobile-Safari\video.webm
    ────────────────────────────────────────────────────────────────────────────────────────────────

    Error Context: ..\test-results\authorization-Authorizatio-440ab-ssion-expiration-gracefully-Mobile-Safari\error-context.md
]]>
</failure>
<system-out>
<![CDATA[
[[ATTACHMENT|authorization-Authorizatio-440ab-ssion-expiration-gracefully-Mobile-Safari\test-failed-1.png]]

[[ATTACHMENT|authorization-Authorizatio-440ab-ssion-expiration-gracefully-Mobile-Safari\video.webm]]

[[ATTACHMENT|authorization-Authorizatio-440ab-ssion-expiration-gracefully-Mobile-Safari\error-context.md]]
]]>
</system-out>
</testcase>
</testsuite>
<testsuite name="user-journey.spec.ts" timestamp="2025-10-01T05:34:28.657Z" hostname="Mobile Safari" tests="9" failures="6" skipped="0" time="81.068" errors="0">
<testcase name="Empowr CRM - User Journey Tests › complete lead management workflow" classname="user-journey.spec.ts" time="8.766">
<failure message="user-journey.spec.ts:101:3 complete lead management workflow" type="FAILURE">
<![CDATA[  [Mobile Safari] › user-journey.spec.ts:101:3 › Empowr CRM - User Journey Tests › complete lead management workflow 

    Error: expect(locator).toBeVisible() failed

    Locator:  getByText(/Dashboard/i)
    Expected: visible
    Received: <element(s) not found>
    Timeout:  5000ms

    Call log:
      - Expect "toBeVisible" with timeout 5000ms
      - waiting for getByText(/Dashboard/i)


      102 |     // Start from dashboard
      103 |     await page.goto('/');
    > 104 |     await expect(page.getByText(/Dashboard/i)).toBeVisible();
          |                                                ^
      105 |
      106 |     // Navigate to leads
      107 |     await page.getByRole('link', { name: /Leads/i }).click();
        at C:\Users\tower\OneDrive\Documents\4Twenty\empowr-crm-main\e2e\user-journey.spec.ts:104:48

    attachment #1: screenshot (image/png) ──────────────────────────────────────────────────────────
    ..\test-results\user-journey-Empowr-CRM----2273d-te-lead-management-workflow-Mobile-Safari\test-failed-1.png
    ────────────────────────────────────────────────────────────────────────────────────────────────

    attachment #2: video (video/webm) ──────────────────────────────────────────────────────────────
    ..\test-results\user-journey-Empowr-CRM----2273d-te-lead-management-workflow-Mobile-Safari\video.webm
    ────────────────────────────────────────────────────────────────────────────────────────────────

    Error Context: ..\test-results\user-journey-Empowr-CRM----2273d-te-lead-management-workflow-Mobile-Safari\error-context.md
]]>
</failure>
<system-out>
<![CDATA[
[[ATTACHMENT|user-journey-Empowr-CRM----2273d-te-lead-management-workflow-Mobile-Safari\test-failed-1.png]]

[[ATTACHMENT|user-journey-Empowr-CRM----2273d-te-lead-management-workflow-Mobile-Safari\video.webm]]

[[ATTACHMENT|user-journey-Empowr-CRM----2273d-te-lead-management-workflow-Mobile-Safari\error-context.md]]
]]>
</system-out>
</testcase>
<testcase name="Empowr CRM - User Journey Tests › complete company management workflow" classname="user-journey.spec.ts" time="7.954">
<failure message="user-journey.spec.ts:133:3 complete company management workflow" type="FAILURE">
<![CDATA[  [Mobile Safari] › user-journey.spec.ts:133:3 › Empowr CRM - User Journey Tests › complete company management workflow 

    Error: expect(locator).toBeVisible() failed

    Locator:  getByText(/Dashboard/i)
    Expected: visible
    Received: <element(s) not found>
    Timeout:  5000ms

    Call log:
      - Expect "toBeVisible" with timeout 5000ms
      - waiting for getByText(/Dashboard/i)


      134 |     // Start from dashboard
      135 |     await page.goto('/');
    > 136 |     await expect(page.getByText(/Dashboard/i)).toBeVisible();
          |                                                ^
      137 |
      138 |     // Navigate to companies
      139 |     await page.getByRole('link', { name: /Companies/i }).click();
        at C:\Users\tower\OneDrive\Documents\4Twenty\empowr-crm-main\e2e\user-journey.spec.ts:136:48

    attachment #1: screenshot (image/png) ──────────────────────────────────────────────────────────
    ..\test-results\user-journey-Empowr-CRM----a6455-company-management-workflow-Mobile-Safari\test-failed-1.png
    ────────────────────────────────────────────────────────────────────────────────────────────────

    attachment #2: video (video/webm) ──────────────────────────────────────────────────────────────
    ..\test-results\user-journey-Empowr-CRM----a6455-company-management-workflow-Mobile-Safari\video.webm
    ────────────────────────────────────────────────────────────────────────────────────────────────

    Error Context: ..\test-results\user-journey-Empowr-CRM----a6455-company-management-workflow-Mobile-Safari\error-context.md
]]>
</failure>
<system-out>
<![CDATA[
[[ATTACHMENT|user-journey-Empowr-CRM----a6455-company-management-workflow-Mobile-Safari\test-failed-1.png]]

[[ATTACHMENT|user-journey-Empowr-CRM----a6455-company-management-workflow-Mobile-Safari\video.webm]]

[[ATTACHMENT|user-journey-Empowr-CRM----a6455-company-management-workflow-Mobile-Safari\error-context.md]]
]]>
</system-out>
</testcase>
<testcase name="Empowr CRM - User Journey Tests › complete job management workflow" classname="user-journey.spec.ts" time="8.385">
<failure message="user-journey.spec.ts:156:3 complete job management workflow" type="FAILURE">
<![CDATA[  [Mobile Safari] › user-journey.spec.ts:156:3 › Empowr CRM - User Journey Tests › complete job management workflow 

    Error: expect(locator).toBeVisible() failed

    Locator:  getByText(/Dashboard/i)
    Expected: visible
    Received: <element(s) not found>
    Timeout:  5000ms

    Call log:
      - Expect "toBeVisible" with timeout 5000ms
      - waiting for getByText(/Dashboard/i)


      157 |     // Start from dashboard
      158 |     await page.goto('/');
    > 159 |     await expect(page.getByText(/Dashboard/i)).toBeVisible();
          |                                                ^
      160 |
      161 |     // Navigate to jobs
      162 |     await page.getByRole('link', { name: /Jobs/i }).click();
        at C:\Users\tower\OneDrive\Documents\4Twenty\empowr-crm-main\e2e\user-journey.spec.ts:159:48

    attachment #1: screenshot (image/png) ──────────────────────────────────────────────────────────
    ..\test-results\user-journey-Empowr-CRM----e9a03-ete-job-management-workflow-Mobile-Safari\test-failed-1.png
    ────────────────────────────────────────────────────────────────────────────────────────────────

    attachment #2: video (video/webm) ──────────────────────────────────────────────────────────────
    ..\test-results\user-journey-Empowr-CRM----e9a03-ete-job-management-workflow-Mobile-Safari\video.webm
    ────────────────────────────────────────────────────────────────────────────────────────────────

    Error Context: ..\test-results\user-journey-Empowr-CRM----e9a03-ete-job-management-workflow-Mobile-Safari\error-context.md
]]>
</failure>
<system-out>
<![CDATA[
[[ATTACHMENT|user-journey-Empowr-CRM----e9a03-ete-job-management-workflow-Mobile-Safari\test-failed-1.png]]

[[ATTACHMENT|user-journey-Empowr-CRM----e9a03-ete-job-management-workflow-Mobile-Safari\video.webm]]

[[ATTACHMENT|user-journey-Empowr-CRM----e9a03-ete-job-management-workflow-Mobile-Safari\error-context.md]]
]]>
</system-out>
</testcase>
<testcase name="Empowr CRM - User Journey Tests › navigation between all pages" classname="user-journey.spec.ts" time="30.345">
<failure message="user-journey.spec.ts:179:3 navigation between all pages" type="FAILURE">
<![CDATA[  [Mobile Safari] › user-journey.spec.ts:179:3 › Empowr CRM - User Journey Tests › navigation between all pages 

    Test timeout of 30000ms exceeded.

    Error: locator.click: Test timeout of 30000ms exceeded.
    Call log:
      - waiting for getByRole('link', { name: /Dashboard/i })


      190 |
      191 |     for (const pageInfo of pages) {
    > 192 |       await page.getByRole('link', { name: new RegExp(pageInfo.name, 'i') }).click();
          |                                                                              ^
      193 |       await expect(page).toHaveURL(new RegExp(pageInfo.url.replace('/', '.*')));
      194 |       
      195 |       // Wait for page to load
        at C:\Users\tower\OneDrive\Documents\4Twenty\empowr-crm-main\e2e\user-journey.spec.ts:192:78

    attachment #1: screenshot (image/png) ──────────────────────────────────────────────────────────
    ..\test-results\user-journey-Empowr-CRM----a7fa8-avigation-between-all-pages-Mobile-Safari\test-failed-1.png
    ────────────────────────────────────────────────────────────────────────────────────────────────

    attachment #2: video (video/webm) ──────────────────────────────────────────────────────────────
    ..\test-results\user-journey-Empowr-CRM----a7fa8-avigation-between-all-pages-Mobile-Safari\video.webm
    ────────────────────────────────────────────────────────────────────────────────────────────────

    Error Context: ..\test-results\user-journey-Empowr-CRM----a7fa8-avigation-between-all-pages-Mobile-Safari\error-context.md
]]>
</failure>
<system-out>
<![CDATA[
[[ATTACHMENT|user-journey-Empowr-CRM----a7fa8-avigation-between-all-pages-Mobile-Safari\test-failed-1.png]]

[[ATTACHMENT|user-journey-Empowr-CRM----a7fa8-avigation-between-all-pages-Mobile-Safari\video.webm]]

[[ATTACHMENT|user-journey-Empowr-CRM----a7fa8-avigation-between-all-pages-Mobile-Safari\error-context.md]]
]]>
</system-out>
</testcase>
<testcase name="Empowr CRM - User Journey Tests › search functionality across pages" classname="user-journey.spec.ts" time="3.013">
</testcase>
<testcase name="Empowr CRM - User Journey Tests › filtering and sorting functionality" classname="user-journey.spec.ts" time="4.084">
</testcase>
<testcase name="Empowr CRM - User Journey Tests › responsive navigation on mobile" classname="user-journey.spec.ts" time="4.025">
</testcase>
<testcase name="Empowr CRM - User Journey Tests › accessibility features" classname="user-journey.spec.ts" time="6.537">
<failure message="user-journey.spec.ts:250:3 accessibility features" type="FAILURE">
<![CDATA[  [Mobile Safari] › user-journey.spec.ts:250:3 › Empowr CRM - User Journey Tests › accessibility features 

    Error: expect(locator).toBeVisible() failed

    Locator:  locator(':focus')
    Expected: visible
    Received: <element(s) not found>
    Timeout:  5000ms

    Call log:
      - Expect "toBeVisible" with timeout 5000ms
      - waiting for locator(':focus')


      257 |     // Check if focus is visible
      258 |     const focusedElement = page.locator(':focus');
    > 259 |     await expect(focusedElement).toBeVisible();
          |                                  ^
      260 |
      261 |     // Test ARIA labels
      262 |     const buttons = page.getByRole('button');
        at C:\Users\tower\OneDrive\Documents\4Twenty\empowr-crm-main\e2e\user-journey.spec.ts:259:34

    attachment #1: screenshot (image/png) ──────────────────────────────────────────────────────────
    ..\test-results\user-journey-Empowr-CRM----59177-ests-accessibility-features-Mobile-Safari\test-failed-1.png
    ────────────────────────────────────────────────────────────────────────────────────────────────

    attachment #2: video (video/webm) ──────────────────────────────────────────────────────────────
    ..\test-results\user-journey-Empowr-CRM----59177-ests-accessibility-features-Mobile-Safari\video.webm
    ────────────────────────────────────────────────────────────────────────────────────────────────

    Error Context: ..\test-results\user-journey-Empowr-CRM----59177-ests-accessibility-features-Mobile-Safari\error-context.md
]]>
</failure>
<system-out>
<![CDATA[
[[ATTACHMENT|user-journey-Empowr-CRM----59177-ests-accessibility-features-Mobile-Safari\test-failed-1.png]]

[[ATTACHMENT|user-journey-Empowr-CRM----59177-ests-accessibility-features-Mobile-Safari\video.webm]]

[[ATTACHMENT|user-journey-Empowr-CRM----59177-ests-accessibility-features-Mobile-Safari\error-context.md]]
]]>
</system-out>
</testcase>
<testcase name="Empowr CRM - User Journey Tests › error recovery workflow" classname="user-journey.spec.ts" time="7.959">
<failure message="user-journey.spec.ts:275:3 error recovery workflow" type="FAILURE">
<![CDATA[  [Mobile Safari] › user-journey.spec.ts:275:3 › Empowr CRM - User Journey Tests › error recovery workflow 

    Error: expect(locator).toBeVisible() failed

    Locator:  getByText(/error/i)
    Expected: visible
    Received: <element(s) not found>
    Timeout:  5000ms

    Call log:
      - Expect "toBeVisible" with timeout 5000ms
      - waiting for getByText(/error/i)


      286 |
      287 |     // Should show error state
    > 288 |     await expect(page.getByText(/error/i)).toBeVisible();
          |                                            ^
      289 |
      290 |     // Restore normal functionality
      291 |     await page.unroute('**/rest/v1/people*');
        at C:\Users\tower\OneDrive\Documents\4Twenty\empowr-crm-main\e2e\user-journey.spec.ts:288:44

    attachment #1: screenshot (image/png) ──────────────────────────────────────────────────────────
    ..\test-results\user-journey-Empowr-CRM----1bc2f-sts-error-recovery-workflow-Mobile-Safari\test-failed-1.png
    ────────────────────────────────────────────────────────────────────────────────────────────────

    attachment #2: video (video/webm) ──────────────────────────────────────────────────────────────
    ..\test-results\user-journey-Empowr-CRM----1bc2f-sts-error-recovery-workflow-Mobile-Safari\video.webm
    ────────────────────────────────────────────────────────────────────────────────────────────────

    Error Context: ..\test-results\user-journey-Empowr-CRM----1bc2f-sts-error-recovery-workflow-Mobile-Safari\error-context.md
]]>
</failure>
<system-out>
<![CDATA[
[[ATTACHMENT|user-journey-Empowr-CRM----1bc2f-sts-error-recovery-workflow-Mobile-Safari\test-failed-1.png]]

[[ATTACHMENT|user-journey-Empowr-CRM----1bc2f-sts-error-recovery-workflow-Mobile-Safari\video.webm]]

[[ATTACHMENT|user-journey-Empowr-CRM----1bc2f-sts-error-recovery-workflow-Mobile-Safari\error-context.md]]
]]>
</system-out>
</testcase>
</testsuite>
</testsuites>